{"/home/hippolyte/Bureau/BAC2/Dev 3/CleanColoc/server/src/controllers/Admincontroller.ts": {"path":"/home/hippolyte/Bureau/BAC2/Dev 3/CleanColoc/server/src/controllers/Admincontroller.ts","statementMap":{"0":{"start":{"line":2,"column":4},"end":{"line":2,"column":38}},"1":{"start":{"line":3,"column":4},"end":{"line":3,"column":50}},"2":{"start":{"line":4,"column":4},"end":{"line":4,"column":50}},"3":{"start":{"line":5,"column":4},"end":{"line":5,"column":38}},"4":{"start":{"line":6,"column":4},"end":{"line":6,"column":58}},"5":{"start":{"line":7,"column":4},"end":{"line":7,"column":35}},"6":{"start":{"line":10,"column":28},"end":{"line":30,"column":5}},"7":{"start":{"line":11,"column":4},"end":{"line":29,"column":5}},"8":{"start":{"line":12,"column":77},"end":{"line":17,"column":10}},"9":{"start":{"line":19,"column":28},"end":{"line":24,"column":10}},"10":{"start":{"line":26,"column":8},"end":{"line":26,"column":106}},"11":{"start":{"line":28,"column":8},"end":{"line":28,"column":20}},"12":{"start":{"line":10,"column":17},"end":{"line":10,"column":28}},"13":{"start":{"line":33,"column":29},"end":{"line":60,"column":5}},"14":{"start":{"line":34,"column":4},"end":{"line":59,"column":5}},"15":{"start":{"line":35,"column":23},"end":{"line":35,"column":64}},"16":{"start":{"line":36,"column":23},"end":{"line":36,"column":71}},"17":{"start":{"line":37,"column":23},"end":{"line":37,"column":73}},"18":{"start":{"line":38,"column":23},"end":{"line":38,"column":41}},"19":{"start":{"line":40,"column":47},"end":{"line":40,"column":86}},"20":{"start":{"line":41,"column":8},"end":{"line":46,"column":9}},"21":{"start":{"line":42,"column":8},"end":{"line":45,"column":10}},"22":{"start":{"line":48,"column":32},"end":{"line":54,"column":10}},"23":{"start":{"line":56,"column":8},"end":{"line":56,"column":104}},"24":{"start":{"line":58,"column":8},"end":{"line":58,"column":20}},"25":{"start":{"line":33,"column":17},"end":{"line":33,"column":29}},"26":{"start":{"line":63,"column":30},"end":{"line":76,"column":5}},"27":{"start":{"line":64,"column":4},"end":{"line":75,"column":5}},"28":{"start":{"line":65,"column":19},"end":{"line":65,"column":45}},"29":{"start":{"line":66,"column":21},"end":{"line":66,"column":44}},"30":{"start":{"line":67,"column":8},"end":{"line":70,"column":9}},"31":{"start":{"line":68,"column":8},"end":{"line":68,"column":70}},"32":{"start":{"line":69,"column":8},"end":{"line":69,"column":15}},"33":{"start":{"line":71,"column":8},"end":{"line":71,"column":53}},"34":{"start":{"line":72,"column":8},"end":{"line":72,"column":67}},"35":{"start":{"line":74,"column":8},"end":{"line":74,"column":20}},"36":{"start":{"line":63,"column":17},"end":{"line":63,"column":30}},"37":{"start":{"line":79,"column":35},"end":{"line":102,"column":5}},"38":{"start":{"line":80,"column":4},"end":{"line":101,"column":5}},"39":{"start":{"line":81,"column":28},"end":{"line":85,"column":10}},"40":{"start":{"line":88,"column":25},"end":{"line":95,"column":null}},"41":{"start":{"line":90,"column":45},"end":{"line":93,"column":14}},"42":{"start":{"line":94,"column":12},"end":{"line":94,"column":61}},"43":{"start":{"line":98,"column":8},"end":{"line":98,"column":39}},"44":{"start":{"line":100,"column":8},"end":{"line":100,"column":20}},"45":{"start":{"line":79,"column":17},"end":{"line":79,"column":35}},"46":{"start":{"line":105,"column":36},"end":{"line":118,"column":5}},"47":{"start":{"line":106,"column":4},"end":{"line":117,"column":5}},"48":{"start":{"line":107,"column":19},"end":{"line":107,"column":45}},"49":{"start":{"line":108,"column":27},"end":{"line":108,"column":56}},"50":{"start":{"line":109,"column":8},"end":{"line":112,"column":9}},"51":{"start":{"line":110,"column":8},"end":{"line":110,"column":69}},"52":{"start":{"line":111,"column":8},"end":{"line":111,"column":15}},"53":{"start":{"line":113,"column":8},"end":{"line":113,"column":59}},"54":{"start":{"line":114,"column":8},"end":{"line":114,"column":67}},"55":{"start":{"line":116,"column":8},"end":{"line":116,"column":20}},"56":{"start":{"line":105,"column":17},"end":{"line":105,"column":36}},"57":{"start":{"line":121,"column":29},"end":{"line":139,"column":5}},"58":{"start":{"line":122,"column":4},"end":{"line":138,"column":5}},"59":{"start":{"line":123,"column":22},"end":{"line":133,"column":10}},"60":{"start":{"line":135,"column":8},"end":{"line":135,"column":36}},"61":{"start":{"line":137,"column":8},"end":{"line":137,"column":20}},"62":{"start":{"line":121,"column":17},"end":{"line":121,"column":29}},"63":{"start":{"line":142,"column":35},"end":{"line":159,"column":5}},"64":{"start":{"line":143,"column":4},"end":{"line":158,"column":5}},"65":{"start":{"line":144,"column":28},"end":{"line":153,"column":10}},"66":{"start":{"line":155,"column":8},"end":{"line":155,"column":42}},"67":{"start":{"line":157,"column":8},"end":{"line":157,"column":20}},"68":{"start":{"line":142,"column":17},"end":{"line":142,"column":35}}},"fnMap":{"0":{"name":"(anonymous_1)","decl":{"start":{"line":10,"column":28},"end":{"line":10,"column":33}},"loc":{"start":{"line":10,"column":101},"end":{"line":30,"column":5}}},"1":{"name":"(anonymous_2)","decl":{"start":{"line":33,"column":29},"end":{"line":33,"column":34}},"loc":{"start":{"line":33,"column":102},"end":{"line":60,"column":5}}},"2":{"name":"(anonymous_3)","decl":{"start":{"line":63,"column":30},"end":{"line":63,"column":35}},"loc":{"start":{"line":63,"column":103},"end":{"line":76,"column":5}}},"3":{"name":"(anonymous_4)","decl":{"start":{"line":79,"column":35},"end":{"line":79,"column":40}},"loc":{"start":{"line":79,"column":108},"end":{"line":102,"column":5}}},"4":{"name":"(anonymous_5)","decl":{"start":{"line":89,"column":24},"end":{"line":89,"column":29}},"loc":{"start":{"line":89,"column":36},"end":{"line":95,"column":9}}},"5":{"name":"(anonymous_6)","decl":{"start":{"line":105,"column":36},"end":{"line":105,"column":41}},"loc":{"start":{"line":105,"column":109},"end":{"line":118,"column":5}}},"6":{"name":"(anonymous_7)","decl":{"start":{"line":121,"column":29},"end":{"line":121,"column":34}},"loc":{"start":{"line":121,"column":102},"end":{"line":139,"column":5}}},"7":{"name":"(anonymous_8)","decl":{"start":{"line":142,"column":35},"end":{"line":142,"column":40}},"loc":{"start":{"line":142,"column":108},"end":{"line":159,"column":5}}}},"branchMap":{"0":{"loc":{"start":{"line":36,"column":32},"end":{"line":36,"column":66}},"type":"binary-expr","locations":[{"start":{"line":36,"column":32},"end":{"line":36,"column":59}},{"start":{"line":36,"column":63},"end":{"line":36,"column":66}}]},"1":{"loc":{"start":{"line":37,"column":32},"end":{"line":37,"column":68}},"type":"binary-expr","locations":[{"start":{"line":37,"column":32},"end":{"line":37,"column":60}},{"start":{"line":37,"column":64},"end":{"line":37,"column":68}}]},"2":{"loc":{"start":{"line":41,"column":8},"end":{"line":46,"column":9}},"type":"if","locations":[{"start":{"line":41,"column":8},"end":{"line":46,"column":9}},{"start":{},"end":{}}]},"3":{"loc":{"start":{"line":67,"column":8},"end":{"line":70,"column":9}},"type":"if","locations":[{"start":{"line":67,"column":8},"end":{"line":70,"column":9}},{"start":{},"end":{}}]},"4":{"loc":{"start":{"line":109,"column":8},"end":{"line":112,"column":9}},"type":"if","locations":[{"start":{"line":109,"column":8},"end":{"line":112,"column":9}},{"start":{},"end":{}}]}},"s":{"0":1,"1":1,"2":1,"3":1,"4":1,"5":1,"6":1,"7":2,"8":2,"9":1,"10":1,"11":1,"12":1,"13":1,"14":3,"15":3,"16":3,"17":3,"18":3,"19":3,"20":3,"21":0,"22":3,"23":3,"24":0,"25":1,"26":1,"27":2,"28":2,"29":2,"30":2,"31":1,"32":1,"33":1,"34":1,"35":0,"36":1,"37":1,"38":2,"39":2,"40":2,"41":1,"42":1,"43":2,"44":0,"45":1,"46":1,"47":2,"48":2,"49":2,"50":2,"51":1,"52":1,"53":1,"54":1,"55":0,"56":1,"57":1,"58":1,"59":1,"60":1,"61":0,"62":1,"63":1,"64":1,"65":1,"66":1,"67":0,"68":1},"f":{"0":2,"1":3,"2":2,"3":2,"4":1,"5":2,"6":1,"7":1},"b":{"0":[3,1],"1":[3,1],"2":[0,3],"3":[1,1],"4":[1,1]}}
,"/home/hippolyte/Bureau/BAC2/Dev 3/CleanColoc/server/src/controllers/assignmentController.ts": {"path":"/home/hippolyte/Bureau/BAC2/Dev 3/CleanColoc/server/src/controllers/assignmentController.ts","statementMap":{"0":{"start":{"line":2,"column":0},"end":{"line":2,"column":43}},"1":{"start":{"line":3,"column":0},"end":{"line":3,"column":43}},"2":{"start":{"line":4,"column":0},"end":{"line":4,"column":54}},"3":{"start":{"line":5,"column":0},"end":{"line":5,"column":46}},"4":{"start":{"line":6,"column":0},"end":{"line":6,"column":34}},"5":{"start":{"line":7,"column":0},"end":{"line":7,"column":70}},"6":{"start":{"line":9,"column":37},"end":{"line":24,"column":11}},"7":{"start":{"line":31,"column":40},"end":{"line":115,"column":1}},"8":{"start":{"line":36,"column":2},"end":{"line":114,"column":3}},"9":{"start":{"line":37,"column":26},"end":{"line":37,"column":60}},"10":{"start":{"line":38,"column":16},"end":{"line":38,"column":26}},"11":{"start":{"line":40,"column":43},"end":{"line":40,"column":59}},"12":{"start":{"line":43,"column":25},"end":{"line":43,"column":66}},"13":{"start":{"line":44,"column":4},"end":{"line":52,"column":5}},"14":{"start":{"line":45,"column":6},"end":{"line":50,"column":7}},"15":{"start":{"line":46,"column":8},"end":{"line":48,"column":11}},"16":{"start":{"line":49,"column":8},"end":{"line":49,"column":15}},"17":{"start":{"line":51,"column":6},"end":{"line":51,"column":37}},"18":{"start":{"line":55,"column":25},"end":{"line":55,"column":66}},"19":{"start":{"line":56,"column":4},"end":{"line":74,"column":5}},"20":{"start":{"line":58,"column":8},"end":{"line":58,"column":67}},"21":{"start":{"line":60,"column":6},"end":{"line":71,"column":7}},"22":{"start":{"line":61,"column":27},"end":{"line":64,"column":10}},"23":{"start":{"line":65,"column":8},"end":{"line":70,"column":9}},"24":{"start":{"line":66,"column":10},"end":{"line":68,"column":13}},"25":{"start":{"line":69,"column":10},"end":{"line":69,"column":17}},"26":{"start":{"line":73,"column":6},"end":{"line":73,"column":39}},"27":{"start":{"line":77,"column":20},"end":{"line":77,"column":63}},"28":{"start":{"line":78,"column":4},"end":{"line":83,"column":5}},"29":{"start":{"line":79,"column":6},"end":{"line":81,"column":9}},"30":{"start":{"line":82,"column":6},"end":{"line":82,"column":13}},"31":{"start":{"line":85,"column":4},"end":{"line":92,"column":5}},"32":{"start":{"line":86,"column":6},"end":{"line":86,"column":47}},"33":{"start":{"line":87,"column":6},"end":{"line":87,"column":45}},"34":{"start":{"line":88,"column":11},"end":{"line":92,"column":5}},"35":{"start":{"line":89,"column":6},"end":{"line":89,"column":46}},"36":{"start":{"line":90,"column":11},"end":{"line":92,"column":5}},"37":{"start":{"line":91,"column":6},"end":{"line":91,"column":44}},"38":{"start":{"line":95,"column":24},"end":{"line":109,"column":10}},"39":{"start":{"line":111,"column":4},"end":{"line":111,"column":38}},"40":{"start":{"line":113,"column":4},"end":{"line":113,"column":16}},"41":{"start":{"line":31,"column":13},"end":{"line":31,"column":40}},"42":{"start":{"line":121,"column":26},"end":{"line":181,"column":1}},"43":{"start":{"line":126,"column":2},"end":{"line":180,"column":3}},"44":{"start":{"line":127,"column":24},"end":{"line":127,"column":64}},"45":{"start":{"line":129,"column":4},"end":{"line":134,"column":5}},"46":{"start":{"line":130,"column":6},"end":{"line":132,"column":9}},"47":{"start":{"line":133,"column":6},"end":{"line":133,"column":13}},"48":{"start":{"line":136,"column":23},"end":{"line":136,"column":31}},"49":{"start":{"line":138,"column":4},"end":{"line":141,"column":5}},"50":{"start":{"line":139,"column":6},"end":{"line":139,"column":91}},"51":{"start":{"line":140,"column":6},"end":{"line":140,"column":13}},"52":{"start":{"line":143,"column":27},"end":{"line":143,"column":44}},"53":{"start":{"line":145,"column":4},"end":{"line":150,"column":5}},"54":{"start":{"line":146,"column":6},"end":{"line":148,"column":9}},"55":{"start":{"line":149,"column":6},"end":{"line":149,"column":13}},"56":{"start":{"line":152,"column":4},"end":{"line":155,"column":5}},"57":{"start":{"line":153,"column":6},"end":{"line":153,"column":78}},"58":{"start":{"line":154,"column":6},"end":{"line":154,"column":13}},"59":{"start":{"line":157,"column":29},"end":{"line":160,"column":6}},"60":{"start":{"line":161,"column":4},"end":{"line":166,"column":5}},"61":{"start":{"line":162,"column":6},"end":{"line":164,"column":9}},"62":{"start":{"line":165,"column":6},"end":{"line":165,"column":13}},"63":{"start":{"line":168,"column":4},"end":{"line":172,"column":7}},"64":{"start":{"line":174,"column":22},"end":{"line":176,"column":6}},"65":{"start":{"line":177,"column":4},"end":{"line":177,"column":36}},"66":{"start":{"line":179,"column":4},"end":{"line":179,"column":16}},"67":{"start":{"line":121,"column":13},"end":{"line":121,"column":26}},"68":{"start":{"line":188,"column":28},"end":{"line":234,"column":1}},"69":{"start":{"line":193,"column":2},"end":{"line":233,"column":3}},"70":{"start":{"line":194,"column":24},"end":{"line":194,"column":64}},"71":{"start":{"line":195,"column":20},"end":{"line":195,"column":49}},"72":{"start":{"line":197,"column":4},"end":{"line":225,"column":5}},"73":{"start":{"line":198,"column":25},"end":{"line":205,"column":null}},"74":{"start":{"line":207,"column":6},"end":{"line":212,"column":7}},"75":{"start":{"line":208,"column":8},"end":{"line":210,"column":11}},"76":{"start":{"line":211,"column":8},"end":{"line":211,"column":15}},"77":{"start":{"line":215,"column":25},"end":{"line":217,"column":null}},"78":{"start":{"line":219,"column":6},"end":{"line":224,"column":7}},"79":{"start":{"line":220,"column":8},"end":{"line":222,"column":11}},"80":{"start":{"line":223,"column":8},"end":{"line":223,"column":15}},"81":{"start":{"line":227,"column":22},"end":{"line":229,"column":6}},"82":{"start":{"line":230,"column":4},"end":{"line":230,"column":36}},"83":{"start":{"line":232,"column":4},"end":{"line":232,"column":16}},"84":{"start":{"line":188,"column":13},"end":{"line":188,"column":28}},"85":{"start":{"line":241,"column":32},"end":{"line":261,"column":1}},"86":{"start":{"line":246,"column":2},"end":{"line":260,"column":3}},"87":{"start":{"line":247,"column":24},"end":{"line":247,"column":64}},"88":{"start":{"line":249,"column":4},"end":{"line":254,"column":5}},"89":{"start":{"line":250,"column":6},"end":{"line":252,"column":9}},"90":{"start":{"line":253,"column":6},"end":{"line":253,"column":13}},"91":{"start":{"line":256,"column":4},"end":{"line":256,"column":31}},"92":{"start":{"line":257,"column":4},"end":{"line":257,"column":27}},"93":{"start":{"line":259,"column":4},"end":{"line":259,"column":16}},"94":{"start":{"line":241,"column":13},"end":{"line":241,"column":32}},"95":{"start":{"line":263,"column":37},"end":{"line":283,"column":1}},"96":{"start":{"line":268,"column":2},"end":{"line":282,"column":3}},"97":{"start":{"line":269,"column":25},"end":{"line":269,"column":51}},"98":{"start":{"line":270,"column":23},"end":{"line":270,"column":54}},"99":{"start":{"line":272,"column":4},"end":{"line":275,"column":5}},"100":{"start":{"line":273,"column":6},"end":{"line":273,"column":92}},"101":{"start":{"line":274,"column":6},"end":{"line":274,"column":13}},"102":{"start":{"line":277,"column":24},"end":{"line":277,"column":75}},"103":{"start":{"line":279,"column":4},"end":{"line":279,"column":42}},"104":{"start":{"line":281,"column":4},"end":{"line":281,"column":14}},"105":{"start":{"line":263,"column":13},"end":{"line":263,"column":37}},"106":{"start":{"line":290,"column":34},"end":{"line":425,"column":1}},"107":{"start":{"line":295,"column":2},"end":{"line":424,"column":3}},"108":{"start":{"line":296,"column":26},"end":{"line":296,"column":60}},"109":{"start":{"line":297,"column":25},"end":{"line":297,"column":68}},"110":{"start":{"line":299,"column":4},"end":{"line":302,"column":5}},"111":{"start":{"line":300,"column":6},"end":{"line":300,"column":92}},"112":{"start":{"line":301,"column":6},"end":{"line":301,"column":13}},"113":{"start":{"line":303,"column":4},"end":{"line":306,"column":5}},"114":{"start":{"line":304,"column":6},"end":{"line":304,"column":90}},"115":{"start":{"line":305,"column":6},"end":{"line":305,"column":13}},"116":{"start":{"line":308,"column":50},"end":{"line":308,"column":66}},"117":{"start":{"line":309,"column":34},"end":{"line":309,"column":36}},"118":{"start":{"line":311,"column":4},"end":{"line":314,"column":5}},"119":{"start":{"line":312,"column":6},"end":{"line":312,"column":52}},"120":{"start":{"line":313,"column":6},"end":{"line":313,"column":44}},"121":{"start":{"line":315,"column":4},"end":{"line":320,"column":5}},"122":{"start":{"line":316,"column":21},"end":{"line":316,"column":33}},"123":{"start":{"line":317,"column":6},"end":{"line":317,"column":39}},"124":{"start":{"line":318,"column":6},"end":{"line":318,"column":50}},"125":{"start":{"line":319,"column":6},"end":{"line":319,"column":34}},"126":{"start":{"line":323,"column":6},"end":{"line":323,"column":70}},"127":{"start":{"line":325,"column":19},"end":{"line":360,"column":null}},"128":{"start":{"line":378,"column":22},"end":{"line":378,"column":52}},"129":{"start":{"line":379,"column":22},"end":{"line":379,"column":50}},"130":{"start":{"line":381,"column":4},"end":{"line":406,"column":5}},"131":{"start":{"line":382,"column":6},"end":{"line":390,"column":7}},"132":{"start":{"line":383,"column":8},"end":{"line":389,"column":11}},"133":{"start":{"line":391,"column":16},"end":{"line":391,"column":42}},"134":{"start":{"line":392,"column":6},"end":{"line":392,"column":31}},"135":{"start":{"line":393,"column":6},"end":{"line":393,"column":35}},"136":{"start":{"line":395,"column":6},"end":{"line":402,"column":7}},"137":{"start":{"line":396,"column":8},"end":{"line":401,"column":11}},"138":{"start":{"line":403,"column":16},"end":{"line":403,"column":40}},"139":{"start":{"line":404,"column":6},"end":{"line":404,"column":31}},"140":{"start":{"line":405,"column":6},"end":{"line":405,"column":35}},"141":{"start":{"line":409,"column":25},"end":{"line":410,"column":null}},"142":{"start":{"line":410,"column":16},"end":{"line":410,"column":41}},"143":{"start":{"line":412,"column":23},"end":{"line":412,"column":51}},"144":{"start":{"line":414,"column":4},"end":{"line":421,"column":7}},"145":{"start":{"line":423,"column":4},"end":{"line":423,"column":16}},"146":{"start":{"line":290,"column":13},"end":{"line":290,"column":34}},"147":{"start":{"line":433,"column":34},"end":{"line":514,"column":1}},"148":{"start":{"line":438,"column":12},"end":{"line":438,"column":41}},"149":{"start":{"line":439,"column":2},"end":{"line":513,"column":3}},"150":{"start":{"line":440,"column":24},"end":{"line":440,"column":64}},"151":{"start":{"line":441,"column":25},"end":{"line":441,"column":54}},"152":{"start":{"line":443,"column":4},"end":{"line":449,"column":5}},"153":{"start":{"line":444,"column":6},"end":{"line":444,"column":25}},"154":{"start":{"line":445,"column":6},"end":{"line":447,"column":9}},"155":{"start":{"line":448,"column":6},"end":{"line":448,"column":13}},"156":{"start":{"line":451,"column":25},"end":{"line":451,"column":59}},"157":{"start":{"line":453,"column":4},"end":{"line":457,"column":5}},"158":{"start":{"line":454,"column":6},"end":{"line":454,"column":25}},"159":{"start":{"line":455,"column":6},"end":{"line":455,"column":85}},"160":{"start":{"line":456,"column":6},"end":{"line":456,"column":13}},"161":{"start":{"line":460,"column":4},"end":{"line":466,"column":5}},"162":{"start":{"line":461,"column":6},"end":{"line":461,"column":25}},"163":{"start":{"line":462,"column":6},"end":{"line":464,"column":9}},"164":{"start":{"line":465,"column":6},"end":{"line":465,"column":13}},"165":{"start":{"line":469,"column":4},"end":{"line":475,"column":5}},"166":{"start":{"line":470,"column":6},"end":{"line":470,"column":25}},"167":{"start":{"line":471,"column":6},"end":{"line":473,"column":9}},"168":{"start":{"line":474,"column":6},"end":{"line":474,"column":13}},"169":{"start":{"line":477,"column":29},"end":{"line":481,"column":6}},"170":{"start":{"line":482,"column":4},"end":{"line":488,"column":5}},"171":{"start":{"line":483,"column":6},"end":{"line":483,"column":25}},"172":{"start":{"line":484,"column":6},"end":{"line":486,"column":9}},"173":{"start":{"line":487,"column":6},"end":{"line":487,"column":13}},"174":{"start":{"line":490,"column":27},"end":{"line":490,"column":44}},"175":{"start":{"line":492,"column":4},"end":{"line":499,"column":6}},"176":{"start":{"line":501,"column":4},"end":{"line":501,"column":21}},"177":{"start":{"line":506,"column":22},"end":{"line":508,"column":6}},"178":{"start":{"line":509,"column":4},"end":{"line":509,"column":36}},"179":{"start":{"line":511,"column":4},"end":{"line":511,"column":23}},"180":{"start":{"line":512,"column":4},"end":{"line":512,"column":16}},"181":{"start":{"line":433,"column":13},"end":{"line":433,"column":34}}},"fnMap":{"0":{"name":"(anonymous_1)","decl":{"start":{"line":31,"column":40},"end":{"line":31,"column":45}},"loc":{"start":{"line":35,"column":19},"end":{"line":115,"column":1}}},"1":{"name":"(anonymous_2)","decl":{"start":{"line":121,"column":26},"end":{"line":121,"column":31}},"loc":{"start":{"line":125,"column":19},"end":{"line":181,"column":1}}},"2":{"name":"(anonymous_3)","decl":{"start":{"line":188,"column":28},"end":{"line":188,"column":33}},"loc":{"start":{"line":192,"column":19},"end":{"line":234,"column":1}}},"3":{"name":"(anonymous_4)","decl":{"start":{"line":241,"column":32},"end":{"line":241,"column":37}},"loc":{"start":{"line":245,"column":19},"end":{"line":261,"column":1}}},"4":{"name":"(anonymous_5)","decl":{"start":{"line":263,"column":37},"end":{"line":263,"column":42}},"loc":{"start":{"line":267,"column":19},"end":{"line":283,"column":1}}},"5":{"name":"(anonymous_6)","decl":{"start":{"line":290,"column":34},"end":{"line":290,"column":39}},"loc":{"start":{"line":294,"column":19},"end":{"line":425,"column":1}}},"6":{"name":"(anonymous_7)","decl":{"start":{"line":410,"column":6},"end":{"line":410,"column":7}},"loc":{"start":{"line":410,"column":16},"end":{"line":410,"column":41}}},"7":{"name":"(anonymous_8)","decl":{"start":{"line":433,"column":34},"end":{"line":433,"column":39}},"loc":{"start":{"line":437,"column":19},"end":{"line":514,"column":1}}}},"branchMap":{"0":{"loc":{"start":{"line":44,"column":4},"end":{"line":52,"column":5}},"type":"if","locations":[{"start":{"line":44,"column":4},"end":{"line":52,"column":5}},{"start":{},"end":{}}]},"1":{"loc":{"start":{"line":45,"column":6},"end":{"line":50,"column":7}},"type":"if","locations":[{"start":{"line":45,"column":6},"end":{"line":50,"column":7}},{"start":{},"end":{}}]},"2":{"loc":{"start":{"line":56,"column":4},"end":{"line":74,"column":5}},"type":"if","locations":[{"start":{"line":56,"column":4},"end":{"line":74,"column":5}},{"start":{},"end":{}}]},"3":{"loc":{"start":{"line":58,"column":8},"end":{"line":58,"column":67}},"type":"cond-expr","locations":[{"start":{"line":58,"column":33},"end":{"line":58,"column":52}},{"start":{"line":58,"column":55},"end":{"line":58,"column":67}}]},"4":{"loc":{"start":{"line":60,"column":6},"end":{"line":71,"column":7}},"type":"if","locations":[{"start":{"line":60,"column":6},"end":{"line":71,"column":7}},{"start":{},"end":{}}]},"5":{"loc":{"start":{"line":65,"column":8},"end":{"line":70,"column":9}},"type":"if","locations":[{"start":{"line":65,"column":8},"end":{"line":70,"column":9}},{"start":{},"end":{}}]},"6":{"loc":{"start":{"line":77,"column":20},"end":{"line":77,"column":63}},"type":"binary-expr","locations":[{"start":{"line":77,"column":20},"end":{"line":77,"column":50}},{"start":{"line":77,"column":54},"end":{"line":77,"column":63}}]},"7":{"loc":{"start":{"line":78,"column":4},"end":{"line":83,"column":5}},"type":"if","locations":[{"start":{"line":78,"column":4},"end":{"line":83,"column":5}},{"start":{},"end":{}}]},"8":{"loc":{"start":{"line":85,"column":4},"end":{"line":92,"column":5}},"type":"if","locations":[{"start":{"line":85,"column":4},"end":{"line":92,"column":5}},{"start":{"line":88,"column":11},"end":{"line":92,"column":5}}]},"9":{"loc":{"start":{"line":88,"column":11},"end":{"line":92,"column":5}},"type":"if","locations":[{"start":{"line":88,"column":11},"end":{"line":92,"column":5}},{"start":{"line":90,"column":11},"end":{"line":92,"column":5}}]},"10":{"loc":{"start":{"line":90,"column":11},"end":{"line":92,"column":5}},"type":"if","locations":[{"start":{"line":90,"column":11},"end":{"line":92,"column":5}},{"start":{},"end":{}}]},"11":{"loc":{"start":{"line":129,"column":4},"end":{"line":134,"column":5}},"type":"if","locations":[{"start":{"line":129,"column":4},"end":{"line":134,"column":5}},{"start":{},"end":{}}]},"12":{"loc":{"start":{"line":138,"column":4},"end":{"line":141,"column":5}},"type":"if","locations":[{"start":{"line":138,"column":4},"end":{"line":141,"column":5}},{"start":{},"end":{}}]},"13":{"loc":{"start":{"line":145,"column":4},"end":{"line":150,"column":5}},"type":"if","locations":[{"start":{"line":145,"column":4},"end":{"line":150,"column":5}},{"start":{},"end":{}}]},"14":{"loc":{"start":{"line":152,"column":4},"end":{"line":155,"column":5}},"type":"if","locations":[{"start":{"line":152,"column":4},"end":{"line":155,"column":5}},{"start":{},"end":{}}]},"15":{"loc":{"start":{"line":161,"column":4},"end":{"line":166,"column":5}},"type":"if","locations":[{"start":{"line":161,"column":4},"end":{"line":166,"column":5}},{"start":{},"end":{}}]},"16":{"loc":{"start":{"line":197,"column":4},"end":{"line":225,"column":5}},"type":"if","locations":[{"start":{"line":197,"column":4},"end":{"line":225,"column":5}},{"start":{"line":213,"column":11},"end":{"line":225,"column":5}}]},"17":{"loc":{"start":{"line":197,"column":8},"end":{"line":197,"column":74}},"type":"binary-expr","locations":[{"start":{"line":197,"column":8},"end":{"line":197,"column":39}},{"start":{"line":197,"column":43},"end":{"line":197,"column":74}}]},"18":{"loc":{"start":{"line":207,"column":6},"end":{"line":212,"column":7}},"type":"if","locations":[{"start":{"line":207,"column":6},"end":{"line":212,"column":7}},{"start":{},"end":{}}]},"19":{"loc":{"start":{"line":219,"column":6},"end":{"line":224,"column":7}},"type":"if","locations":[{"start":{"line":219,"column":6},"end":{"line":224,"column":7}},{"start":{},"end":{}}]},"20":{"loc":{"start":{"line":249,"column":4},"end":{"line":254,"column":5}},"type":"if","locations":[{"start":{"line":249,"column":4},"end":{"line":254,"column":5}},{"start":{},"end":{}}]},"21":{"loc":{"start":{"line":272,"column":4},"end":{"line":275,"column":5}},"type":"if","locations":[{"start":{"line":272,"column":4},"end":{"line":275,"column":5}},{"start":{},"end":{}}]},"22":{"loc":{"start":{"line":272,"column":8},"end":{"line":272,"column":49}},"type":"binary-expr","locations":[{"start":{"line":272,"column":8},"end":{"line":272,"column":28}},{"start":{"line":272,"column":32},"end":{"line":272,"column":49}}]},"23":{"loc":{"start":{"line":299,"column":4},"end":{"line":302,"column":5}},"type":"if","locations":[{"start":{"line":299,"column":4},"end":{"line":302,"column":5}},{"start":{},"end":{}}]},"24":{"loc":{"start":{"line":299,"column":8},"end":{"line":299,"column":39}},"type":"binary-expr","locations":[{"start":{"line":299,"column":8},"end":{"line":299,"column":12}},{"start":{"line":299,"column":16},"end":{"line":299,"column":39}}]},"25":{"loc":{"start":{"line":303,"column":4},"end":{"line":306,"column":5}},"type":"if","locations":[{"start":{"line":303,"column":4},"end":{"line":306,"column":5}},{"start":{},"end":{}}]},"26":{"loc":{"start":{"line":303,"column":8},"end":{"line":303,"column":35}},"type":"binary-expr","locations":[{"start":{"line":303,"column":8},"end":{"line":303,"column":10}},{"start":{"line":303,"column":14},"end":{"line":303,"column":35}}]},"27":{"loc":{"start":{"line":311,"column":4},"end":{"line":314,"column":5}},"type":"if","locations":[{"start":{"line":311,"column":4},"end":{"line":314,"column":5}},{"start":{},"end":{}}]},"28":{"loc":{"start":{"line":315,"column":4},"end":{"line":320,"column":5}},"type":"if","locations":[{"start":{"line":315,"column":4},"end":{"line":320,"column":5}},{"start":{},"end":{}}]},"29":{"loc":{"start":{"line":323,"column":6},"end":{"line":323,"column":70}},"type":"cond-expr","locations":[{"start":{"line":323,"column":31},"end":{"line":323,"column":65}},{"start":{"line":323,"column":68},"end":{"line":323,"column":70}}]},"30":{"loc":{"start":{"line":382,"column":6},"end":{"line":390,"column":7}},"type":"if","locations":[{"start":{"line":382,"column":6},"end":{"line":390,"column":7}},{"start":{},"end":{}}]},"31":{"loc":{"start":{"line":395,"column":6},"end":{"line":402,"column":7}},"type":"if","locations":[{"start":{"line":395,"column":6},"end":{"line":402,"column":7}},{"start":{},"end":{}}]},"32":{"loc":{"start":{"line":415,"column":27},"end":{"line":415,"column":39}},"type":"binary-expr","locations":[{"start":{"line":415,"column":27},"end":{"line":415,"column":31}},{"start":{"line":415,"column":35},"end":{"line":415,"column":39}}]},"33":{"loc":{"start":{"line":415,"column":45},"end":{"line":415,"column":55}},"type":"binary-expr","locations":[{"start":{"line":415,"column":45},"end":{"line":415,"column":47}},{"start":{"line":415,"column":51},"end":{"line":415,"column":55}}]},"34":{"loc":{"start":{"line":419,"column":19},"end":{"line":419,"column":68}},"type":"binary-expr","locations":[{"start":{"line":419,"column":19},"end":{"line":419,"column":34}},{"start":{"line":419,"column":64},"end":{"line":419,"column":68}}]},"35":{"loc":{"start":{"line":420,"column":19},"end":{"line":420,"column":68}},"type":"binary-expr","locations":[{"start":{"line":420,"column":19},"end":{"line":420,"column":56}},{"start":{"line":420,"column":64},"end":{"line":420,"column":68}}]},"36":{"loc":{"start":{"line":443,"column":4},"end":{"line":449,"column":5}},"type":"if","locations":[{"start":{"line":443,"column":4},"end":{"line":449,"column":5}},{"start":{},"end":{}}]},"37":{"loc":{"start":{"line":453,"column":4},"end":{"line":457,"column":5}},"type":"if","locations":[{"start":{"line":453,"column":4},"end":{"line":457,"column":5}},{"start":{},"end":{}}]},"38":{"loc":{"start":{"line":453,"column":8},"end":{"line":453,"column":49}},"type":"binary-expr","locations":[{"start":{"line":453,"column":8},"end":{"line":453,"column":17}},{"start":{"line":453,"column":21},"end":{"line":453,"column":49}}]},"39":{"loc":{"start":{"line":460,"column":4},"end":{"line":466,"column":5}},"type":"if","locations":[{"start":{"line":460,"column":4},"end":{"line":466,"column":5}},{"start":{},"end":{}}]},"40":{"loc":{"start":{"line":460,"column":8},"end":{"line":460,"column":69}},"type":"binary-expr","locations":[{"start":{"line":460,"column":8},"end":{"line":460,"column":41}},{"start":{"line":460,"column":45},"end":{"line":460,"column":69}}]},"41":{"loc":{"start":{"line":469,"column":4},"end":{"line":475,"column":5}},"type":"if","locations":[{"start":{"line":469,"column":4},"end":{"line":475,"column":5}},{"start":{},"end":{}}]},"42":{"loc":{"start":{"line":482,"column":4},"end":{"line":488,"column":5}},"type":"if","locations":[{"start":{"line":482,"column":4},"end":{"line":488,"column":5}},{"start":{},"end":{}}]}},"s":{"0":1,"1":1,"2":1,"3":1,"4":1,"5":1,"6":1,"7":1,"8":3,"9":3,"10":3,"11":3,"12":3,"13":3,"14":1,"15":1,"16":1,"17":0,"18":2,"19":2,"20":0,"21":0,"22":0,"23":0,"24":0,"25":0,"26":0,"27":2,"28":2,"29":1,"30":1,"31":1,"32":1,"33":1,"34":0,"35":0,"36":0,"37":0,"38":1,"39":1,"40":0,"41":1,"42":1,"43":5,"44":5,"45":5,"46":1,"47":1,"48":4,"49":4,"50":1,"51":1,"52":3,"53":3,"54":1,"55":1,"56":2,"57":0,"58":0,"59":2,"60":2,"61":1,"62":1,"63":1,"64":1,"65":1,"66":0,"67":1,"68":1,"69":4,"70":4,"71":4,"72":4,"73":2,"74":2,"75":1,"76":1,"77":2,"78":2,"79":1,"80":1,"81":2,"82":2,"83":0,"84":1,"85":1,"86":3,"87":3,"88":3,"89":2,"90":2,"91":1,"92":1,"93":0,"94":1,"95":1,"96":0,"97":0,"98":0,"99":0,"100":0,"101":0,"102":0,"103":0,"104":0,"105":1,"106":1,"107":0,"108":0,"109":0,"110":0,"111":0,"112":0,"113":0,"114":0,"115":0,"116":0,"117":0,"118":0,"119":0,"120":0,"121":0,"122":0,"123":0,"124":0,"125":0,"126":0,"127":0,"128":0,"129":0,"130":0,"131":0,"132":0,"133":0,"134":0,"135":0,"136":0,"137":0,"138":0,"139":0,"140":0,"141":0,"142":0,"143":0,"144":0,"145":0,"146":1,"147":1,"148":6,"149":6,"150":6,"151":6,"152":6,"153":1,"154":1,"155":1,"156":5,"157":5,"158":1,"159":1,"160":1,"161":4,"162":1,"163":1,"164":1,"165":3,"166":1,"167":1,"168":1,"169":2,"170":2,"171":1,"172":1,"173":1,"174":1,"175":1,"176":1,"177":1,"178":1,"179":0,"180":0,"181":1},"f":{"0":3,"1":5,"2":4,"3":3,"4":0,"5":0,"6":0,"7":6},"b":{"0":[1,2],"1":[1,0],"2":[0,2],"3":[0,0],"4":[0,0],"5":[0,0],"6":[2,1],"7":[1,1],"8":[1,0],"9":[0,0],"10":[0,0],"11":[1,4],"12":[1,3],"13":[1,2],"14":[0,2],"15":[1,1],"16":[2,2],"17":[4,2],"18":[1,1],"19":[1,1],"20":[2,1],"21":[0,0],"22":[0,0],"23":[0,0],"24":[0,0],"25":[0,0],"26":[0,0],"27":[0,0],"28":[0,0],"29":[0,0],"30":[0,0],"31":[0,0],"32":[0,0],"33":[0,0],"34":[0,0],"35":[0,0],"36":[1,5],"37":[1,4],"38":[5,4],"39":[1,3],"40":[4,1],"41":[1,2],"42":[1,1]}}
,"/home/hippolyte/Bureau/BAC2/Dev 3/CleanColoc/server/src/controllers/colocationController.ts": {"path":"/home/hippolyte/Bureau/BAC2/Dev 3/CleanColoc/server/src/controllers/colocationController.ts","statementMap":{"0":{"start":{"line":2,"column":0},"end":{"line":2,"column":46}},"1":{"start":{"line":3,"column":0},"end":{"line":3,"column":46}},"2":{"start":{"line":4,"column":0},"end":{"line":4,"column":54}},"3":{"start":{"line":5,"column":0},"end":{"line":5,"column":37}},"4":{"start":{"line":6,"column":0},"end":{"line":6,"column":34}},"5":{"start":{"line":7,"column":0},"end":{"line":7,"column":43}},"6":{"start":{"line":9,"column":27},"end":{"line":11,"column":1}},"7":{"start":{"line":10,"column":2},"end":{"line":10,"column":54}},"8":{"start":{"line":13,"column":33},"end":{"line":20,"column":1}},"9":{"start":{"line":14,"column":2},"end":{"line":18,"column":3}},"10":{"start":{"line":14,"column":15},"end":{"line":14,"column":16}},"11":{"start":{"line":15,"column":17},"end":{"line":15,"column":37}},"12":{"start":{"line":16,"column":19},"end":{"line":16,"column":93}},"13":{"start":{"line":17,"column":4},"end":{"line":17,"column":29}},"14":{"start":{"line":17,"column":17},"end":{"line":17,"column":29}},"15":{"start":{"line":19,"column":2},"end":{"line":19,"column":91}},"16":{"start":{"line":22,"column":32},"end":{"line":74,"column":1}},"17":{"start":{"line":27,"column":2},"end":{"line":73,"column":3}},"18":{"start":{"line":28,"column":34},"end":{"line":28,"column":42}},"19":{"start":{"line":29,"column":19},"end":{"line":29,"column":31}},"20":{"start":{"line":31,"column":4},"end":{"line":34,"column":5}},"21":{"start":{"line":32,"column":6},"end":{"line":32,"column":60}},"22":{"start":{"line":33,"column":6},"end":{"line":33,"column":13}},"23":{"start":{"line":36,"column":4},"end":{"line":39,"column":5}},"24":{"start":{"line":37,"column":6},"end":{"line":37,"column":79}},"25":{"start":{"line":38,"column":6},"end":{"line":38,"column":13}},"26":{"start":{"line":41,"column":31},"end":{"line":44,"column":6}},"27":{"start":{"line":46,"column":4},"end":{"line":49,"column":5}},"28":{"start":{"line":47,"column":6},"end":{"line":47,"column":82}},"29":{"start":{"line":48,"column":6},"end":{"line":48,"column":13}},"30":{"start":{"line":51,"column":23},"end":{"line":51,"column":55}},"31":{"start":{"line":53,"column":23},"end":{"line":57,"column":6}},"32":{"start":{"line":59,"column":4},"end":{"line":68,"column":5}},"33":{"start":{"line":60,"column":6},"end":{"line":60,"column":41}},"34":{"start":{"line":61,"column":6},"end":{"line":61,"column":86}},"35":{"start":{"line":63,"column":6},"end":{"line":67,"column":9}},"36":{"start":{"line":70,"column":4},"end":{"line":70,"column":37}},"37":{"start":{"line":72,"column":4},"end":{"line":72,"column":16}},"38":{"start":{"line":22,"column":13},"end":{"line":22,"column":32}},"39":{"start":{"line":76,"column":30},"end":{"line":129,"column":1}},"40":{"start":{"line":81,"column":2},"end":{"line":128,"column":3}},"41":{"start":{"line":82,"column":27},"end":{"line":82,"column":35}},"42":{"start":{"line":83,"column":19},"end":{"line":83,"column":31}},"43":{"start":{"line":85,"column":4},"end":{"line":88,"column":5}},"44":{"start":{"line":86,"column":6},"end":{"line":86,"column":60}},"45":{"start":{"line":87,"column":6},"end":{"line":87,"column":13}},"46":{"start":{"line":90,"column":4},"end":{"line":93,"column":5}},"47":{"start":{"line":91,"column":6},"end":{"line":91,"column":76}},"48":{"start":{"line":92,"column":6},"end":{"line":92,"column":13}},"49":{"start":{"line":95,"column":31},"end":{"line":98,"column":6}},"50":{"start":{"line":100,"column":4},"end":{"line":103,"column":5}},"51":{"start":{"line":101,"column":6},"end":{"line":101,"column":82}},"52":{"start":{"line":102,"column":6},"end":{"line":102,"column":13}},"53":{"start":{"line":105,"column":23},"end":{"line":107,"column":6}},"54":{"start":{"line":109,"column":4},"end":{"line":112,"column":5}},"55":{"start":{"line":110,"column":6},"end":{"line":110,"column":71}},"56":{"start":{"line":111,"column":6},"end":{"line":111,"column":13}},"57":{"start":{"line":114,"column":4},"end":{"line":123,"column":5}},"58":{"start":{"line":115,"column":6},"end":{"line":115,"column":41}},"59":{"start":{"line":116,"column":6},"end":{"line":116,"column":87}},"60":{"start":{"line":118,"column":6},"end":{"line":122,"column":9}},"61":{"start":{"line":125,"column":4},"end":{"line":125,"column":37}},"62":{"start":{"line":127,"column":4},"end":{"line":127,"column":16}},"63":{"start":{"line":76,"column":13},"end":{"line":76,"column":30}},"64":{"start":{"line":131,"column":31},"end":{"line":164,"column":1}},"65":{"start":{"line":136,"column":2},"end":{"line":163,"column":3}},"66":{"start":{"line":137,"column":19},"end":{"line":137,"column":31}},"67":{"start":{"line":138,"column":4},"end":{"line":141,"column":5}},"68":{"start":{"line":139,"column":6},"end":{"line":139,"column":54}},"69":{"start":{"line":140,"column":6},"end":{"line":140,"column":13}},"70":{"start":{"line":143,"column":23},"end":{"line":150,"column":6}},"71":{"start":{"line":152,"column":4},"end":{"line":155,"column":5}},"72":{"start":{"line":153,"column":6},"end":{"line":153,"column":75}},"73":{"start":{"line":154,"column":6},"end":{"line":154,"column":13}},"74":{"start":{"line":157,"column":4},"end":{"line":160,"column":7}},"75":{"start":{"line":162,"column":4},"end":{"line":162,"column":16}},"76":{"start":{"line":131,"column":13},"end":{"line":131,"column":31}},"77":{"start":{"line":166,"column":33},"end":{"line":199,"column":1}},"78":{"start":{"line":171,"column":2},"end":{"line":198,"column":3}},"79":{"start":{"line":172,"column":19},"end":{"line":172,"column":31}},"80":{"start":{"line":173,"column":15},"end":{"line":173,"column":41}},"81":{"start":{"line":175,"column":4},"end":{"line":178,"column":5}},"82":{"start":{"line":176,"column":6},"end":{"line":176,"column":60}},"83":{"start":{"line":177,"column":6},"end":{"line":177,"column":13}},"84":{"start":{"line":180,"column":23},"end":{"line":180,"column":88}},"85":{"start":{"line":181,"column":4},"end":{"line":184,"column":5}},"86":{"start":{"line":182,"column":6},"end":{"line":182,"column":59}},"87":{"start":{"line":183,"column":6},"end":{"line":183,"column":13}},"88":{"start":{"line":186,"column":23},"end":{"line":188,"column":6}},"89":{"start":{"line":190,"column":4},"end":{"line":193,"column":5}},"90":{"start":{"line":191,"column":6},"end":{"line":191,"column":67}},"91":{"start":{"line":192,"column":6},"end":{"line":192,"column":13}},"92":{"start":{"line":195,"column":4},"end":{"line":195,"column":37}},"93":{"start":{"line":197,"column":4},"end":{"line":197,"column":16}},"94":{"start":{"line":166,"column":13},"end":{"line":166,"column":33}},"95":{"start":{"line":201,"column":36},"end":{"line":238,"column":1}},"96":{"start":{"line":206,"column":2},"end":{"line":237,"column":3}},"97":{"start":{"line":207,"column":25},"end":{"line":207,"column":38}},"98":{"start":{"line":209,"column":24},"end":{"line":217,"column":6}},"99":{"start":{"line":219,"column":20},"end":{"line":232,"column":8}},"100":{"start":{"line":220,"column":19},"end":{"line":227,"column":8}},"101":{"start":{"line":229,"column":8},"end":{"line":229,"column":64}},"102":{"start":{"line":229,"column":54},"end":{"line":229,"column":64}},"103":{"start":{"line":230,"column":8},"end":{"line":230,"column":63}},"104":{"start":{"line":230,"column":54},"end":{"line":230,"column":63}},"105":{"start":{"line":231,"column":8},"end":{"line":231,"column":52}},"106":{"start":{"line":234,"column":4},"end":{"line":234,"column":34}},"107":{"start":{"line":236,"column":4},"end":{"line":236,"column":16}},"108":{"start":{"line":201,"column":13},"end":{"line":201,"column":36}},"109":{"start":{"line":240,"column":40},"end":{"line":266,"column":1}},"110":{"start":{"line":245,"column":2},"end":{"line":265,"column":3}},"111":{"start":{"line":246,"column":15},"end":{"line":246,"column":38}},"112":{"start":{"line":247,"column":29},"end":{"line":247,"column":37}},"113":{"start":{"line":249,"column":4},"end":{"line":252,"column":5}},"114":{"start":{"line":250,"column":6},"end":{"line":250,"column":78}},"115":{"start":{"line":251,"column":6},"end":{"line":251,"column":13}},"116":{"start":{"line":254,"column":23},"end":{"line":254,"column":52}},"117":{"start":{"line":255,"column":4},"end":{"line":258,"column":5}},"118":{"start":{"line":256,"column":6},"end":{"line":256,"column":67}},"119":{"start":{"line":257,"column":6},"end":{"line":257,"column":13}},"120":{"start":{"line":260,"column":4},"end":{"line":260,"column":46}},"121":{"start":{"line":262,"column":4},"end":{"line":262,"column":68}},"122":{"start":{"line":264,"column":4},"end":{"line":264,"column":16}},"123":{"start":{"line":240,"column":13},"end":{"line":240,"column":40}},"124":{"start":{"line":268,"column":29},"end":{"line":323,"column":1}},"125":{"start":{"line":273,"column":2},"end":{"line":322,"column":3}},"126":{"start":{"line":274,"column":25},"end":{"line":274,"column":38}},"127":{"start":{"line":275,"column":24},"end":{"line":275,"column":36}},"128":{"start":{"line":276,"column":25},"end":{"line":276,"column":33}},"129":{"start":{"line":278,"column":4},"end":{"line":281,"column":5}},"130":{"start":{"line":279,"column":6},"end":{"line":279,"column":71}},"131":{"start":{"line":280,"column":6},"end":{"line":280,"column":13}},"132":{"start":{"line":283,"column":4},"end":{"line":286,"column":5}},"133":{"start":{"line":284,"column":6},"end":{"line":284,"column":72}},"134":{"start":{"line":285,"column":6},"end":{"line":285,"column":13}},"135":{"start":{"line":288,"column":29},"end":{"line":290,"column":6}},"136":{"start":{"line":292,"column":4},"end":{"line":295,"column":5}},"137":{"start":{"line":293,"column":6},"end":{"line":293,"column":99}},"138":{"start":{"line":294,"column":6},"end":{"line":294,"column":13}},"139":{"start":{"line":297,"column":4},"end":{"line":300,"column":5}},"140":{"start":{"line":298,"column":6},"end":{"line":298,"column":82}},"141":{"start":{"line":299,"column":6},"end":{"line":299,"column":13}},"142":{"start":{"line":302,"column":32},"end":{"line":304,"column":6}},"143":{"start":{"line":306,"column":4},"end":{"line":309,"column":7}},"144":{"start":{"line":307,"column":6},"end":{"line":307,"column":80}},"145":{"start":{"line":308,"column":6},"end":{"line":308,"column":75}},"146":{"start":{"line":313,"column":4},"end":{"line":319,"column":7}},"147":{"start":{"line":321,"column":4},"end":{"line":321,"column":16}},"148":{"start":{"line":268,"column":13},"end":{"line":268,"column":29}},"149":{"start":{"line":325,"column":36},"end":{"line":369,"column":1}},"150":{"start":{"line":330,"column":2},"end":{"line":368,"column":3}},"151":{"start":{"line":331,"column":15},"end":{"line":331,"column":38}},"152":{"start":{"line":332,"column":34},"end":{"line":332,"column":42}},"153":{"start":{"line":334,"column":4},"end":{"line":337,"column":5}},"154":{"start":{"line":335,"column":6},"end":{"line":335,"column":102}},"155":{"start":{"line":336,"column":6},"end":{"line":336,"column":13}},"156":{"start":{"line":339,"column":4},"end":{"line":342,"column":5}},"157":{"start":{"line":340,"column":6},"end":{"line":340,"column":105}},"158":{"start":{"line":341,"column":6},"end":{"line":341,"column":13}},"159":{"start":{"line":344,"column":23},"end":{"line":344,"column":52}},"160":{"start":{"line":345,"column":4},"end":{"line":348,"column":5}},"161":{"start":{"line":346,"column":6},"end":{"line":346,"column":67}},"162":{"start":{"line":347,"column":6},"end":{"line":347,"column":13}},"163":{"start":{"line":350,"column":68},"end":{"line":350,"column":70}},"164":{"start":{"line":351,"column":4},"end":{"line":351,"column":55}},"165":{"start":{"line":351,"column":28},"end":{"line":351,"column":55}},"166":{"start":{"line":352,"column":4},"end":{"line":352,"column":69}},"167":{"start":{"line":352,"column":35},"end":{"line":352,"column":69}},"168":{"start":{"line":354,"column":4},"end":{"line":354,"column":37}},"169":{"start":{"line":356,"column":4},"end":{"line":365,"column":7}},"170":{"start":{"line":367,"column":4},"end":{"line":367,"column":16}},"171":{"start":{"line":325,"column":13},"end":{"line":325,"column":36}},"172":{"start":{"line":371,"column":36},"end":{"line":392,"column":1}},"173":{"start":{"line":376,"column":2},"end":{"line":391,"column":3}},"174":{"start":{"line":377,"column":15},"end":{"line":377,"column":38}},"175":{"start":{"line":379,"column":23},"end":{"line":379,"column":52}},"176":{"start":{"line":380,"column":4},"end":{"line":383,"column":5}},"177":{"start":{"line":381,"column":6},"end":{"line":381,"column":67}},"178":{"start":{"line":382,"column":6},"end":{"line":382,"column":13}},"179":{"start":{"line":385,"column":20},"end":{"line":385,"column":52}},"180":{"start":{"line":386,"column":4},"end":{"line":386,"column":53}},"181":{"start":{"line":388,"column":4},"end":{"line":388,"column":50}},"182":{"start":{"line":390,"column":4},"end":{"line":390,"column":16}},"183":{"start":{"line":371,"column":13},"end":{"line":371,"column":36}},"184":{"start":{"line":393,"column":31},"end":{"line":447,"column":1}},"185":{"start":{"line":398,"column":12},"end":{"line":398,"column":41}},"186":{"start":{"line":399,"column":2},"end":{"line":446,"column":3}},"187":{"start":{"line":400,"column":25},"end":{"line":400,"column":48}},"188":{"start":{"line":401,"column":19},"end":{"line":401,"column":31}},"189":{"start":{"line":403,"column":4},"end":{"line":407,"column":5}},"190":{"start":{"line":404,"column":6},"end":{"line":404,"column":25}},"191":{"start":{"line":405,"column":6},"end":{"line":405,"column":60}},"192":{"start":{"line":406,"column":6},"end":{"line":406,"column":13}},"193":{"start":{"line":409,"column":23},"end":{"line":412,"column":6}},"194":{"start":{"line":414,"column":4},"end":{"line":418,"column":5}},"195":{"start":{"line":415,"column":6},"end":{"line":415,"column":25}},"196":{"start":{"line":416,"column":6},"end":{"line":416,"column":87}},"197":{"start":{"line":417,"column":6},"end":{"line":417,"column":13}},"198":{"start":{"line":420,"column":23},"end":{"line":423,"column":6}},"199":{"start":{"line":426,"column":4},"end":{"line":430,"column":5}},"200":{"start":{"line":427,"column":6},"end":{"line":427,"column":25}},"201":{"start":{"line":428,"column":6},"end":{"line":428,"column":80}},"202":{"start":{"line":429,"column":6},"end":{"line":429,"column":13}},"203":{"start":{"line":433,"column":4},"end":{"line":439,"column":5}},"204":{"start":{"line":434,"column":25},"end":{"line":434,"column":84}},"205":{"start":{"line":435,"column":6},"end":{"line":435,"column":51}},"206":{"start":{"line":436,"column":6},"end":{"line":436,"column":52}},"207":{"start":{"line":438,"column":6},"end":{"line":438,"column":51}},"208":{"start":{"line":441,"column":4},"end":{"line":441,"column":21}},"209":{"start":{"line":442,"column":4},"end":{"line":442,"column":27}},"210":{"start":{"line":444,"column":4},"end":{"line":444,"column":23}},"211":{"start":{"line":445,"column":4},"end":{"line":445,"column":16}},"212":{"start":{"line":393,"column":13},"end":{"line":393,"column":31}},"213":{"start":{"line":449,"column":28},"end":{"line":499,"column":1}},"214":{"start":{"line":454,"column":21},"end":{"line":454,"column":93}},"215":{"start":{"line":455,"column":17},"end":{"line":455,"column":44}},"216":{"start":{"line":457,"column":2},"end":{"line":460,"column":3}},"217":{"start":{"line":458,"column":4},"end":{"line":458,"column":78}},"218":{"start":{"line":459,"column":4},"end":{"line":459,"column":11}},"219":{"start":{"line":462,"column":12},"end":{"line":462,"column":41}},"220":{"start":{"line":463,"column":2},"end":{"line":498,"column":3}},"221":{"start":{"line":464,"column":25},"end":{"line":464,"column":48}},"222":{"start":{"line":465,"column":24},"end":{"line":465,"column":36}},"223":{"start":{"line":467,"column":4},"end":{"line":473,"column":5}},"224":{"start":{"line":468,"column":6},"end":{"line":468,"column":25}},"225":{"start":{"line":469,"column":6},"end":{"line":471,"column":9}},"226":{"start":{"line":472,"column":6},"end":{"line":472,"column":13}},"227":{"start":{"line":475,"column":23},"end":{"line":478,"column":6}},"228":{"start":{"line":480,"column":4},"end":{"line":484,"column":5}},"229":{"start":{"line":481,"column":6},"end":{"line":481,"column":25}},"230":{"start":{"line":482,"column":6},"end":{"line":482,"column":86}},"231":{"start":{"line":483,"column":6},"end":{"line":483,"column":13}},"232":{"start":{"line":486,"column":4},"end":{"line":486,"column":49}},"233":{"start":{"line":488,"column":4},"end":{"line":491,"column":7}},"234":{"start":{"line":493,"column":4},"end":{"line":493,"column":21}},"235":{"start":{"line":494,"column":4},"end":{"line":494,"column":73}},"236":{"start":{"line":496,"column":4},"end":{"line":496,"column":23}},"237":{"start":{"line":497,"column":4},"end":{"line":497,"column":16}},"238":{"start":{"line":449,"column":13},"end":{"line":449,"column":28}}},"fnMap":{"0":{"name":"(anonymous_1)","decl":{"start":{"line":9,"column":27},"end":{"line":9,"column":38}},"loc":{"start":{"line":9,"column":40},"end":{"line":11,"column":1}}},"1":{"name":"(anonymous_2)","decl":{"start":{"line":13,"column":33},"end":{"line":13,"column":38}},"loc":{"start":{"line":13,"column":76},"end":{"line":20,"column":1}}},"2":{"name":"(anonymous_3)","decl":{"start":{"line":22,"column":32},"end":{"line":22,"column":37}},"loc":{"start":{"line":26,"column":19},"end":{"line":74,"column":1}}},"3":{"name":"(anonymous_4)","decl":{"start":{"line":76,"column":30},"end":{"line":76,"column":35}},"loc":{"start":{"line":80,"column":19},"end":{"line":129,"column":1}}},"4":{"name":"(anonymous_5)","decl":{"start":{"line":131,"column":31},"end":{"line":131,"column":36}},"loc":{"start":{"line":135,"column":19},"end":{"line":164,"column":1}}},"5":{"name":"(anonymous_6)","decl":{"start":{"line":166,"column":33},"end":{"line":166,"column":38}},"loc":{"start":{"line":170,"column":19},"end":{"line":199,"column":1}}},"6":{"name":"(anonymous_7)","decl":{"start":{"line":201,"column":36},"end":{"line":201,"column":41}},"loc":{"start":{"line":205,"column":19},"end":{"line":238,"column":1}}},"7":{"name":"(anonymous_8)","decl":{"start":{"line":220,"column":11},"end":{"line":220,"column":12}},"loc":{"start":{"line":220,"column":19},"end":{"line":227,"column":8}}},"8":{"name":"(anonymous_9)","decl":{"start":{"line":228,"column":12},"end":{"line":228,"column":13}},"loc":{"start":{"line":228,"column":21},"end":{"line":232,"column":7}}},"9":{"name":"(anonymous_10)","decl":{"start":{"line":240,"column":40},"end":{"line":240,"column":45}},"loc":{"start":{"line":244,"column":19},"end":{"line":266,"column":1}}},"10":{"name":"(anonymous_11)","decl":{"start":{"line":268,"column":29},"end":{"line":268,"column":34}},"loc":{"start":{"line":272,"column":19},"end":{"line":323,"column":1}}},"11":{"name":"(anonymous_12)","decl":{"start":{"line":306,"column":32},"end":{"line":306,"column":37}},"loc":{"start":{"line":306,"column":44},"end":{"line":309,"column":5}}},"12":{"name":"(anonymous_13)","decl":{"start":{"line":325,"column":36},"end":{"line":325,"column":41}},"loc":{"start":{"line":329,"column":19},"end":{"line":369,"column":1}}},"13":{"name":"(anonymous_14)","decl":{"start":{"line":371,"column":36},"end":{"line":371,"column":41}},"loc":{"start":{"line":375,"column":19},"end":{"line":392,"column":1}}},"14":{"name":"(anonymous_15)","decl":{"start":{"line":393,"column":31},"end":{"line":393,"column":36}},"loc":{"start":{"line":397,"column":19},"end":{"line":447,"column":1}}},"15":{"name":"(anonymous_16)","decl":{"start":{"line":449,"column":28},"end":{"line":449,"column":33}},"loc":{"start":{"line":453,"column":19},"end":{"line":499,"column":1}}}},"branchMap":{"0":{"loc":{"start":{"line":13,"column":40},"end":{"line":13,"column":55}},"type":"default-arg","locations":[{"start":{"line":13,"column":54},"end":{"line":13,"column":55}}]},"1":{"loc":{"start":{"line":17,"column":4},"end":{"line":17,"column":29}},"type":"if","locations":[{"start":{"line":17,"column":4},"end":{"line":17,"column":29}},{"start":{},"end":{}}]},"2":{"loc":{"start":{"line":31,"column":4},"end":{"line":34,"column":5}},"type":"if","locations":[{"start":{"line":31,"column":4},"end":{"line":34,"column":5}},{"start":{},"end":{}}]},"3":{"loc":{"start":{"line":36,"column":4},"end":{"line":39,"column":5}},"type":"if","locations":[{"start":{"line":36,"column":4},"end":{"line":39,"column":5}},{"start":{},"end":{}}]},"4":{"loc":{"start":{"line":36,"column":8},"end":{"line":36,"column":63}},"type":"binary-expr","locations":[{"start":{"line":36,"column":8},"end":{"line":36,"column":13}},{"start":{"line":36,"column":17},"end":{"line":36,"column":41}},{"start":{"line":36,"column":45},"end":{"line":36,"column":63}}]},"5":{"loc":{"start":{"line":46,"column":4},"end":{"line":49,"column":5}},"type":"if","locations":[{"start":{"line":46,"column":4},"end":{"line":49,"column":5}},{"start":{},"end":{}}]},"6":{"loc":{"start":{"line":46,"column":8},"end":{"line":46,"column":59}},"type":"binary-expr","locations":[{"start":{"line":46,"column":8},"end":{"line":46,"column":26}},{"start":{"line":46,"column":30},"end":{"line":46,"column":59}}]},"7":{"loc":{"start":{"line":55,"column":19},"end":{"line":55,"column":51}},"type":"binary-expr","locations":[{"start":{"line":55,"column":19},"end":{"line":55,"column":38}},{"start":{"line":55,"column":42},"end":{"line":55,"column":51}}]},"8":{"loc":{"start":{"line":59,"column":4},"end":{"line":68,"column":5}},"type":"if","locations":[{"start":{"line":59,"column":4},"end":{"line":68,"column":5}},{"start":{"line":62,"column":11},"end":{"line":68,"column":5}}]},"9":{"loc":{"start":{"line":85,"column":4},"end":{"line":88,"column":5}},"type":"if","locations":[{"start":{"line":85,"column":4},"end":{"line":88,"column":5}},{"start":{},"end":{}}]},"10":{"loc":{"start":{"line":90,"column":4},"end":{"line":93,"column":5}},"type":"if","locations":[{"start":{"line":90,"column":4},"end":{"line":93,"column":5}},{"start":{},"end":{}}]},"11":{"loc":{"start":{"line":90,"column":8},"end":{"line":90,"column":81}},"type":"binary-expr","locations":[{"start":{"line":90,"column":8},"end":{"line":90,"column":19}},{"start":{"line":90,"column":23},"end":{"line":90,"column":53}},{"start":{"line":90,"column":57},"end":{"line":90,"column":81}}]},"12":{"loc":{"start":{"line":100,"column":4},"end":{"line":103,"column":5}},"type":"if","locations":[{"start":{"line":100,"column":4},"end":{"line":103,"column":5}},{"start":{},"end":{}}]},"13":{"loc":{"start":{"line":100,"column":8},"end":{"line":100,"column":59}},"type":"binary-expr","locations":[{"start":{"line":100,"column":8},"end":{"line":100,"column":26}},{"start":{"line":100,"column":30},"end":{"line":100,"column":59}}]},"14":{"loc":{"start":{"line":109,"column":4},"end":{"line":112,"column":5}},"type":"if","locations":[{"start":{"line":109,"column":4},"end":{"line":112,"column":5}},{"start":{},"end":{}}]},"15":{"loc":{"start":{"line":114,"column":4},"end":{"line":123,"column":5}},"type":"if","locations":[{"start":{"line":114,"column":4},"end":{"line":123,"column":5}},{"start":{"line":117,"column":11},"end":{"line":123,"column":5}}]},"16":{"loc":{"start":{"line":138,"column":4},"end":{"line":141,"column":5}},"type":"if","locations":[{"start":{"line":138,"column":4},"end":{"line":141,"column":5}},{"start":{},"end":{}}]},"17":{"loc":{"start":{"line":152,"column":4},"end":{"line":155,"column":5}},"type":"if","locations":[{"start":{"line":152,"column":4},"end":{"line":155,"column":5}},{"start":{},"end":{}}]},"18":{"loc":{"start":{"line":175,"column":4},"end":{"line":178,"column":5}},"type":"if","locations":[{"start":{"line":175,"column":4},"end":{"line":178,"column":5}},{"start":{},"end":{}}]},"19":{"loc":{"start":{"line":181,"column":4},"end":{"line":184,"column":5}},"type":"if","locations":[{"start":{"line":181,"column":4},"end":{"line":184,"column":5}},{"start":{},"end":{}}]},"20":{"loc":{"start":{"line":190,"column":4},"end":{"line":193,"column":5}},"type":"if","locations":[{"start":{"line":190,"column":4},"end":{"line":193,"column":5}},{"start":{},"end":{}}]},"21":{"loc":{"start":{"line":224,"column":20},"end":{"line":224,"column":52}},"type":"binary-expr","locations":[{"start":{"line":224,"column":20},"end":{"line":224,"column":44}},{"start":{"line":224,"column":48},"end":{"line":224,"column":52}}]},"22":{"loc":{"start":{"line":229,"column":8},"end":{"line":229,"column":64}},"type":"if","locations":[{"start":{"line":229,"column":8},"end":{"line":229,"column":64}},{"start":{},"end":{}}]},"23":{"loc":{"start":{"line":229,"column":12},"end":{"line":229,"column":52}},"type":"binary-expr","locations":[{"start":{"line":229,"column":12},"end":{"line":229,"column":30}},{"start":{"line":229,"column":34},"end":{"line":229,"column":52}}]},"24":{"loc":{"start":{"line":230,"column":8},"end":{"line":230,"column":63}},"type":"if","locations":[{"start":{"line":230,"column":8},"end":{"line":230,"column":63}},{"start":{},"end":{}}]},"25":{"loc":{"start":{"line":230,"column":12},"end":{"line":230,"column":52}},"type":"binary-expr","locations":[{"start":{"line":230,"column":12},"end":{"line":230,"column":30}},{"start":{"line":230,"column":34},"end":{"line":230,"column":52}}]},"26":{"loc":{"start":{"line":249,"column":4},"end":{"line":252,"column":5}},"type":"if","locations":[{"start":{"line":249,"column":4},"end":{"line":252,"column":5}},{"start":{},"end":{}}]},"27":{"loc":{"start":{"line":255,"column":4},"end":{"line":258,"column":5}},"type":"if","locations":[{"start":{"line":255,"column":4},"end":{"line":258,"column":5}},{"start":{},"end":{}}]},"28":{"loc":{"start":{"line":278,"column":4},"end":{"line":281,"column":5}},"type":"if","locations":[{"start":{"line":278,"column":4},"end":{"line":281,"column":5}},{"start":{},"end":{}}]},"29":{"loc":{"start":{"line":283,"column":4},"end":{"line":286,"column":5}},"type":"if","locations":[{"start":{"line":283,"column":4},"end":{"line":286,"column":5}},{"start":{},"end":{}}]},"30":{"loc":{"start":{"line":292,"column":4},"end":{"line":295,"column":5}},"type":"if","locations":[{"start":{"line":292,"column":4},"end":{"line":295,"column":5}},{"start":{},"end":{}}]},"31":{"loc":{"start":{"line":297,"column":4},"end":{"line":300,"column":5}},"type":"if","locations":[{"start":{"line":297,"column":4},"end":{"line":300,"column":5}},{"start":{},"end":{}}]},"32":{"loc":{"start":{"line":334,"column":4},"end":{"line":337,"column":5}},"type":"if","locations":[{"start":{"line":334,"column":4},"end":{"line":337,"column":5}},{"start":{},"end":{}}]},"33":{"loc":{"start":{"line":334,"column":8},"end":{"line":334,"column":55}},"type":"binary-expr","locations":[{"start":{"line":334,"column":8},"end":{"line":334,"column":26}},{"start":{"line":334,"column":30},"end":{"line":334,"column":55}}]},"34":{"loc":{"start":{"line":339,"column":4},"end":{"line":342,"column":5}},"type":"if","locations":[{"start":{"line":339,"column":4},"end":{"line":342,"column":5}},{"start":{},"end":{}}]},"35":{"loc":{"start":{"line":339,"column":8},"end":{"line":339,"column":78}},"type":"binary-expr","locations":[{"start":{"line":339,"column":8},"end":{"line":339,"column":26}},{"start":{"line":339,"column":31},"end":{"line":339,"column":55}},{"start":{"line":339,"column":59},"end":{"line":339,"column":77}}]},"36":{"loc":{"start":{"line":345,"column":4},"end":{"line":348,"column":5}},"type":"if","locations":[{"start":{"line":345,"column":4},"end":{"line":348,"column":5}},{"start":{},"end":{}}]},"37":{"loc":{"start":{"line":351,"column":4},"end":{"line":351,"column":55}},"type":"if","locations":[{"start":{"line":351,"column":4},"end":{"line":351,"column":55}},{"start":{},"end":{}}]},"38":{"loc":{"start":{"line":352,"column":4},"end":{"line":352,"column":69}},"type":"if","locations":[{"start":{"line":352,"column":4},"end":{"line":352,"column":69}},{"start":{},"end":{}}]},"39":{"loc":{"start":{"line":380,"column":4},"end":{"line":383,"column":5}},"type":"if","locations":[{"start":{"line":380,"column":4},"end":{"line":383,"column":5}},{"start":{},"end":{}}]},"40":{"loc":{"start":{"line":403,"column":4},"end":{"line":407,"column":5}},"type":"if","locations":[{"start":{"line":403,"column":4},"end":{"line":407,"column":5}},{"start":{},"end":{}}]},"41":{"loc":{"start":{"line":414,"column":4},"end":{"line":418,"column":5}},"type":"if","locations":[{"start":{"line":414,"column":4},"end":{"line":418,"column":5}},{"start":{},"end":{}}]},"42":{"loc":{"start":{"line":426,"column":4},"end":{"line":430,"column":5}},"type":"if","locations":[{"start":{"line":426,"column":4},"end":{"line":430,"column":5}},{"start":{},"end":{}}]},"43":{"loc":{"start":{"line":426,"column":8},"end":{"line":426,"column":60}},"type":"binary-expr","locations":[{"start":{"line":426,"column":8},"end":{"line":426,"column":35}},{"start":{"line":426,"column":39},"end":{"line":426,"column":60}}]},"44":{"loc":{"start":{"line":433,"column":4},"end":{"line":439,"column":5}},"type":"if","locations":[{"start":{"line":433,"column":4},"end":{"line":439,"column":5}},{"start":{"line":437,"column":11},"end":{"line":439,"column":5}}]},"45":{"loc":{"start":{"line":457,"column":2},"end":{"line":460,"column":3}},"type":"if","locations":[{"start":{"line":457,"column":2},"end":{"line":460,"column":3}},{"start":{},"end":{}}]},"46":{"loc":{"start":{"line":467,"column":4},"end":{"line":473,"column":5}},"type":"if","locations":[{"start":{"line":467,"column":4},"end":{"line":473,"column":5}},{"start":{},"end":{}}]},"47":{"loc":{"start":{"line":480,"column":4},"end":{"line":484,"column":5}},"type":"if","locations":[{"start":{"line":480,"column":4},"end":{"line":484,"column":5}},{"start":{},"end":{}}]}},"s":{"0":1,"1":1,"2":1,"3":1,"4":1,"5":1,"6":1,"7":3,"8":1,"9":3,"10":3,"11":3,"12":3,"13":3,"14":3,"15":0,"16":1,"17":6,"18":6,"19":6,"20":6,"21":1,"22":1,"23":5,"24":2,"25":2,"26":3,"27":3,"28":1,"29":1,"30":2,"31":2,"32":2,"33":1,"34":1,"35":1,"36":2,"37":0,"38":1,"39":1,"40":4,"41":4,"42":4,"43":4,"44":0,"45":0,"46":4,"47":1,"48":1,"49":3,"50":3,"51":1,"52":1,"53":2,"54":2,"55":1,"56":1,"57":1,"58":0,"59":0,"60":1,"61":1,"62":0,"63":1,"64":1,"65":2,"66":2,"67":2,"68":0,"69":0,"70":2,"71":2,"72":1,"73":1,"74":1,"75":0,"76":1,"77":1,"78":3,"79":3,"80":3,"81":3,"82":0,"83":0,"84":3,"85":3,"86":1,"87":1,"88":2,"89":2,"90":1,"91":1,"92":1,"93":0,"94":1,"95":1,"96":2,"97":2,"98":2,"99":2,"100":2,"101":1,"102":1,"103":0,"104":0,"105":0,"106":2,"107":0,"108":1,"109":1,"110":3,"111":3,"112":3,"113":3,"114":1,"115":1,"116":2,"117":2,"118":1,"119":1,"120":1,"121":1,"122":0,"123":1,"124":1,"125":5,"126":5,"127":5,"128":5,"129":5,"130":1,"131":1,"132":4,"133":1,"134":1,"135":3,"136":3,"137":1,"138":1,"139":2,"140":1,"141":1,"142":1,"143":1,"144":1,"145":1,"146":1,"147":0,"148":1,"149":1,"150":4,"151":4,"152":4,"153":4,"154":1,"155":1,"156":3,"157":1,"158":1,"159":2,"160":2,"161":1,"162":1,"163":1,"164":1,"165":1,"166":1,"167":0,"168":1,"169":1,"170":0,"171":1,"172":1,"173":2,"174":2,"175":2,"176":2,"177":1,"178":1,"179":1,"180":1,"181":1,"182":0,"183":1,"184":1,"185":0,"186":0,"187":0,"188":0,"189":0,"190":0,"191":0,"192":0,"193":0,"194":0,"195":0,"196":0,"197":0,"198":0,"199":0,"200":0,"201":0,"202":0,"203":0,"204":0,"205":0,"206":0,"207":0,"208":0,"209":0,"210":0,"211":0,"212":1,"213":1,"214":4,"215":4,"216":4,"217":1,"218":1,"219":3,"220":3,"221":3,"222":3,"223":3,"224":1,"225":1,"226":1,"227":2,"228":2,"229":1,"230":1,"231":1,"232":1,"233":1,"234":1,"235":1,"236":0,"237":0,"238":1},"f":{"0":3,"1":3,"2":6,"3":4,"4":2,"5":3,"6":2,"7":2,"8":1,"9":3,"10":5,"11":1,"12":4,"13":2,"14":0,"15":4},"b":{"0":[3],"1":[3,0],"2":[1,5],"3":[2,3],"4":[5,4,4],"5":[1,2],"6":[3,2],"7":[2,1],"8":[1,1],"9":[0,4],"10":[1,3],"11":[4,3,3],"12":[1,2],"13":[3,1],"14":[1,1],"15":[0,1],"16":[0,2],"17":[1,1],"18":[0,3],"19":[1,2],"20":[1,1],"21":[2,2],"22":[1,0],"23":[1,1],"24":[0,0],"25":[0,0],"26":[1,2],"27":[1,1],"28":[1,4],"29":[1,3],"30":[1,2],"31":[1,1],"32":[1,3],"33":[4,1],"34":[1,2],"35":[3,3,3],"36":[1,1],"37":[1,0],"38":[0,1],"39":[1,1],"40":[0,0],"41":[0,0],"42":[0,0],"43":[0,0],"44":[0,0],"45":[1,3],"46":[1,2],"47":[1,1]}}
,"/home/hippolyte/Bureau/BAC2/Dev 3/CleanColoc/server/src/controllers/expenseController.ts": {"path":"/home/hippolyte/Bureau/BAC2/Dev 3/CleanColoc/server/src/controllers/expenseController.ts","statementMap":{"0":{"start":{"line":2,"column":0},"end":{"line":2,"column":31}},"1":{"start":{"line":3,"column":0},"end":{"line":3,"column":40}},"2":{"start":{"line":4,"column":0},"end":{"line":4,"column":50}},"3":{"start":{"line":5,"column":0},"end":{"line":5,"column":46}},"4":{"start":{"line":6,"column":0},"end":{"line":6,"column":34}},"5":{"start":{"line":18,"column":29},"end":{"line":150,"column":1}},"6":{"start":{"line":23,"column":2},"end":{"line":149,"column":3}},"7":{"start":{"line":24,"column":26},"end":{"line":24,"column":60}},"8":{"start":{"line":25,"column":21},"end":{"line":25,"column":50}},"9":{"start":{"line":27,"column":70},"end":{"line":27,"column":78}},"10":{"start":{"line":31,"column":4},"end":{"line":34,"column":5}},"11":{"start":{"line":32,"column":6},"end":{"line":32,"column":75}},"12":{"start":{"line":33,"column":6},"end":{"line":33,"column":13}},"13":{"start":{"line":36,"column":4},"end":{"line":39,"column":5}},"14":{"start":{"line":37,"column":6},"end":{"line":37,"column":102}},"15":{"start":{"line":38,"column":6},"end":{"line":38,"column":13}},"16":{"start":{"line":41,"column":22},"end":{"line":41,"column":36}},"17":{"start":{"line":42,"column":4},"end":{"line":47,"column":5}},"18":{"start":{"line":43,"column":6},"end":{"line":45,"column":9}},"19":{"start":{"line":46,"column":6},"end":{"line":46,"column":13}},"20":{"start":{"line":49,"column":4},"end":{"line":52,"column":5}},"21":{"start":{"line":50,"column":6},"end":{"line":50,"column":78}},"22":{"start":{"line":51,"column":6},"end":{"line":51,"column":13}},"23":{"start":{"line":56,"column":4},"end":{"line":64,"column":5}},"24":{"start":{"line":57,"column":6},"end":{"line":60,"column":7}},"25":{"start":{"line":58,"column":8},"end":{"line":58,"column":91}},"26":{"start":{"line":59,"column":8},"end":{"line":59,"column":15}},"27":{"start":{"line":61,"column":6},"end":{"line":61,"column":35}},"28":{"start":{"line":63,"column":6},"end":{"line":63,"column":60}},"29":{"start":{"line":70,"column":4},"end":{"line":95,"column":5}},"30":{"start":{"line":71,"column":6},"end":{"line":74,"column":7}},"31":{"start":{"line":72,"column":8},"end":{"line":72,"column":95}},"32":{"start":{"line":73,"column":8},"end":{"line":73,"column":15}},"33":{"start":{"line":76,"column":26},"end":{"line":79,"column":8}},"34":{"start":{"line":81,"column":6},"end":{"line":86,"column":7}},"35":{"start":{"line":82,"column":8},"end":{"line":84,"column":11}},"36":{"start":{"line":85,"column":8},"end":{"line":85,"column":15}},"37":{"start":{"line":88,"column":6},"end":{"line":88,"column":48}},"38":{"start":{"line":90,"column":26},"end":{"line":93,"column":8}},"39":{"start":{"line":94,"column":6},"end":{"line":94,"column":59}},"40":{"start":{"line":94,"column":49},"end":{"line":94,"column":57}},"41":{"start":{"line":97,"column":4},"end":{"line":100,"column":5}},"42":{"start":{"line":98,"column":6},"end":{"line":98,"column":89}},"43":{"start":{"line":99,"column":6},"end":{"line":99,"column":13}},"44":{"start":{"line":104,"column":18},"end":{"line":104,"column":82}},"45":{"start":{"line":105,"column":4},"end":{"line":108,"column":5}},"46":{"start":{"line":106,"column":6},"end":{"line":106,"column":75}},"47":{"start":{"line":107,"column":6},"end":{"line":107,"column":13}},"48":{"start":{"line":110,"column":27},"end":{"line":113,"column":6}},"49":{"start":{"line":114,"column":20},"end":{"line":115,"column":null}},"50":{"start":{"line":115,"column":32},"end":{"line":115,"column":50}},"51":{"start":{"line":120,"column":14},"end":{"line":120,"column":38}},"52":{"start":{"line":121,"column":24},"end":{"line":121,"column":49}},"53":{"start":{"line":122,"column":22},"end":{"line":122,"column":49}},"54":{"start":{"line":126,"column":20},"end":{"line":135,"column":6}},"55":{"start":{"line":137,"column":23},"end":{"line":142,"column":7}},"56":{"start":{"line":137,"column":65},"end":{"line":142,"column":6}},"57":{"start":{"line":144,"column":19},"end":{"line":144,"column":60}},"58":{"start":{"line":146,"column":4},"end":{"line":146,"column":46}},"59":{"start":{"line":148,"column":4},"end":{"line":148,"column":16}},"60":{"start":{"line":18,"column":13},"end":{"line":18,"column":29}},"61":{"start":{"line":158,"column":26},"end":{"line":196,"column":1}},"62":{"start":{"line":163,"column":2},"end":{"line":195,"column":3}},"63":{"start":{"line":164,"column":21},"end":{"line":164,"column":72}},"64":{"start":{"line":166,"column":17},"end":{"line":185,"column":6}},"65":{"start":{"line":187,"column":4},"end":{"line":190,"column":5}},"66":{"start":{"line":188,"column":6},"end":{"line":188,"column":64}},"67":{"start":{"line":189,"column":6},"end":{"line":189,"column":13}},"68":{"start":{"line":192,"column":4},"end":{"line":192,"column":31}},"69":{"start":{"line":194,"column":4},"end":{"line":194,"column":16}},"70":{"start":{"line":158,"column":13},"end":{"line":158,"column":26}},"71":{"start":{"line":207,"column":27},"end":{"line":268,"column":1}},"72":{"start":{"line":212,"column":2},"end":{"line":267,"column":3}},"73":{"start":{"line":213,"column":26},"end":{"line":213,"column":60}},"74":{"start":{"line":214,"column":35},"end":{"line":214,"column":44}},"75":{"start":{"line":216,"column":23},"end":{"line":216,"column":39}},"76":{"start":{"line":219,"column":4},"end":{"line":241,"column":5}},"77":{"start":{"line":220,"column":30},"end":{"line":220,"column":32}},"78":{"start":{"line":222,"column":6},"end":{"line":228,"column":7}},"79":{"start":{"line":223,"column":8},"end":{"line":226,"column":9}},"80":{"start":{"line":224,"column":10},"end":{"line":224,"column":97}},"81":{"start":{"line":225,"column":10},"end":{"line":225,"column":17}},"82":{"start":{"line":227,"column":8},"end":{"line":227,"column":44}},"83":{"start":{"line":230,"column":6},"end":{"line":236,"column":7}},"84":{"start":{"line":231,"column":8},"end":{"line":234,"column":9}},"85":{"start":{"line":232,"column":10},"end":{"line":232,"column":95}},"86":{"start":{"line":233,"column":10},"end":{"line":233,"column":17}},"87":{"start":{"line":235,"column":8},"end":{"line":235,"column":42}},"88":{"start":{"line":238,"column":6},"end":{"line":240,"column":7}},"89":{"start":{"line":239,"column":8},"end":{"line":239,"column":35}},"90":{"start":{"line":244,"column":4},"end":{"line":246,"column":5}},"91":{"start":{"line":245,"column":6},"end":{"line":245,"column":42}},"92":{"start":{"line":248,"column":21},"end":{"line":262,"column":6}},"93":{"start":{"line":264,"column":4},"end":{"line":264,"column":35}},"94":{"start":{"line":266,"column":4},"end":{"line":266,"column":16}},"95":{"start":{"line":207,"column":13},"end":{"line":207,"column":27}},"96":{"start":{"line":280,"column":29},"end":{"line":472,"column":1}},"97":{"start":{"line":285,"column":2},"end":{"line":471,"column":3}},"98":{"start":{"line":286,"column":21},"end":{"line":286,"column":72}},"99":{"start":{"line":287,"column":20},"end":{"line":287,"column":49}},"100":{"start":{"line":288,"column":18},"end":{"line":288,"column":44}},"101":{"start":{"line":291,"column":4},"end":{"line":296,"column":5}},"102":{"start":{"line":292,"column":6},"end":{"line":294,"column":9}},"103":{"start":{"line":295,"column":6},"end":{"line":295,"column":13}},"104":{"start":{"line":298,"column":70},"end":{"line":298,"column":78}},"105":{"start":{"line":301,"column":4},"end":{"line":311,"column":5}},"106":{"start":{"line":309,"column":6},"end":{"line":309,"column":72}},"107":{"start":{"line":310,"column":6},"end":{"line":310,"column":13}},"108":{"start":{"line":315,"column":4},"end":{"line":318,"column":5}},"109":{"start":{"line":316,"column":6},"end":{"line":316,"column":81}},"110":{"start":{"line":317,"column":6},"end":{"line":317,"column":13}},"111":{"start":{"line":321,"column":4},"end":{"line":329,"column":5}},"112":{"start":{"line":322,"column":6},"end":{"line":322,"column":33}},"113":{"start":{"line":323,"column":6},"end":{"line":328,"column":7}},"114":{"start":{"line":324,"column":8},"end":{"line":326,"column":11}},"115":{"start":{"line":327,"column":8},"end":{"line":327,"column":15}},"116":{"start":{"line":331,"column":4},"end":{"line":334,"column":5}},"117":{"start":{"line":332,"column":6},"end":{"line":332,"column":84}},"118":{"start":{"line":333,"column":6},"end":{"line":333,"column":13}},"119":{"start":{"line":336,"column":4},"end":{"line":341,"column":5}},"120":{"start":{"line":337,"column":6},"end":{"line":340,"column":7}},"121":{"start":{"line":338,"column":8},"end":{"line":338,"column":91}},"122":{"start":{"line":339,"column":8},"end":{"line":339,"column":15}},"123":{"start":{"line":347,"column":4},"end":{"line":366,"column":5}},"124":{"start":{"line":348,"column":6},"end":{"line":351,"column":7}},"125":{"start":{"line":349,"column":8},"end":{"line":349,"column":95}},"126":{"start":{"line":350,"column":8},"end":{"line":350,"column":15}},"127":{"start":{"line":353,"column":26},"end":{"line":356,"column":8}},"128":{"start":{"line":358,"column":6},"end":{"line":363,"column":7}},"129":{"start":{"line":359,"column":8},"end":{"line":361,"column":11}},"130":{"start":{"line":362,"column":8},"end":{"line":362,"column":15}},"131":{"start":{"line":365,"column":6},"end":{"line":365,"column":43}},"132":{"start":{"line":369,"column":33},"end":{"line":369,"column":86}},"133":{"start":{"line":373,"column":14},"end":{"line":373,"column":52}},"134":{"start":{"line":374,"column":4},"end":{"line":448,"column":5}},"135":{"start":{"line":375,"column":6},"end":{"line":435,"column":7}},"136":{"start":{"line":376,"column":28},"end":{"line":376,"column":64}},"137":{"start":{"line":381,"column":8},"end":{"line":406,"column":9}},"138":{"start":{"line":383,"column":10},"end":{"line":383,"column":40}},"139":{"start":{"line":384,"column":24},"end":{"line":387,"column":12}},"140":{"start":{"line":388,"column":10},"end":{"line":388,"column":70}},"141":{"start":{"line":388,"column":49},"end":{"line":388,"column":67}},"142":{"start":{"line":391,"column":33},"end":{"line":395,"column":12}},"143":{"start":{"line":397,"column":10},"end":{"line":399,"column":55}},"144":{"start":{"line":398,"column":25},"end":{"line":398,"column":58}},"145":{"start":{"line":399,"column":42},"end":{"line":399,"column":53}},"146":{"start":{"line":401,"column":10},"end":{"line":405,"column":12}},"147":{"start":{"line":403,"column":30},"end":{"line":403,"column":55}},"148":{"start":{"line":404,"column":26},"end":{"line":404,"column":90}},"149":{"start":{"line":408,"column":8},"end":{"line":412,"column":9}},"150":{"start":{"line":409,"column":10},"end":{"line":409,"column":29}},"151":{"start":{"line":410,"column":10},"end":{"line":410,"column":93}},"152":{"start":{"line":411,"column":10},"end":{"line":411,"column":17}},"153":{"start":{"line":415,"column":8},"end":{"line":415,"column":89}},"154":{"start":{"line":418,"column":18},"end":{"line":418,"column":39}},"155":{"start":{"line":419,"column":28},"end":{"line":419,"column":55}},"156":{"start":{"line":420,"column":26},"end":{"line":420,"column":55}},"157":{"start":{"line":422,"column":27},"end":{"line":427,"column":11}},"158":{"start":{"line":422,"column":63},"end":{"line":427,"column":10}},"159":{"start":{"line":429,"column":8},"end":{"line":429,"column":70}},"160":{"start":{"line":432,"column":8},"end":{"line":434,"column":9}},"161":{"start":{"line":433,"column":11},"end":{"line":433,"column":46}},"162":{"start":{"line":438,"column":6},"end":{"line":438,"column":69}},"163":{"start":{"line":438,"column":32},"end":{"line":438,"column":69}},"164":{"start":{"line":439,"column":6},"end":{"line":439,"column":78}},"165":{"start":{"line":439,"column":35},"end":{"line":439,"column":78}},"166":{"start":{"line":440,"column":6},"end":{"line":440,"column":88}},"167":{"start":{"line":440,"column":38},"end":{"line":440,"column":88}},"168":{"start":{"line":441,"column":6},"end":{"line":441,"column":91}},"169":{"start":{"line":441,"column":63},"end":{"line":441,"column":91}},"170":{"start":{"line":443,"column":6},"end":{"line":443,"column":45}},"171":{"start":{"line":444,"column":6},"end":{"line":444,"column":23}},"172":{"start":{"line":446,"column":6},"end":{"line":446,"column":25}},"173":{"start":{"line":447,"column":6},"end":{"line":447,"column":16}},"174":{"start":{"line":451,"column":20},"end":{"line":466,"column":6}},"175":{"start":{"line":468,"column":4},"end":{"line":468,"column":34}},"176":{"start":{"line":470,"column":4},"end":{"line":470,"column":16}},"177":{"start":{"line":280,"column":13},"end":{"line":280,"column":29}},"178":{"start":{"line":481,"column":29},"end":{"line":514,"column":1}},"179":{"start":{"line":486,"column":2},"end":{"line":513,"column":3}},"180":{"start":{"line":487,"column":21},"end":{"line":487,"column":72}},"181":{"start":{"line":488,"column":20},"end":{"line":488,"column":49}},"182":{"start":{"line":489,"column":18},"end":{"line":489,"column":44}},"183":{"start":{"line":491,"column":4},"end":{"line":496,"column":5}},"184":{"start":{"line":492,"column":6},"end":{"line":494,"column":9}},"185":{"start":{"line":495,"column":6},"end":{"line":495,"column":13}},"186":{"start":{"line":498,"column":14},"end":{"line":498,"column":52}},"187":{"start":{"line":499,"column":4},"end":{"line":508,"column":5}},"188":{"start":{"line":501,"column":6},"end":{"line":501,"column":87}},"189":{"start":{"line":503,"column":6},"end":{"line":503,"column":48}},"190":{"start":{"line":504,"column":6},"end":{"line":504,"column":23}},"191":{"start":{"line":506,"column":6},"end":{"line":506,"column":25}},"192":{"start":{"line":507,"column":6},"end":{"line":507,"column":16}},"193":{"start":{"line":510,"column":4},"end":{"line":510,"column":27}},"194":{"start":{"line":512,"column":4},"end":{"line":512,"column":16}},"195":{"start":{"line":481,"column":13},"end":{"line":481,"column":29}},"196":{"start":{"line":524,"column":27},"end":{"line":645,"column":1}},"197":{"start":{"line":529,"column":2},"end":{"line":644,"column":3}},"198":{"start":{"line":530,"column":26},"end":{"line":530,"column":60}},"199":{"start":{"line":532,"column":24},"end":{"line":541,"column":6}},"200":{"start":{"line":543,"column":22},"end":{"line":543,"column":54}},"201":{"start":{"line":543,"column":45},"end":{"line":543,"column":53}},"202":{"start":{"line":545,"column":4},"end":{"line":548,"column":5}},"203":{"start":{"line":546,"column":6},"end":{"line":546,"column":56}},"204":{"start":{"line":547,"column":6},"end":{"line":547,"column":13}},"205":{"start":{"line":550,"column":21},"end":{"line":560,"column":6}},"206":{"start":{"line":563,"column":17},"end":{"line":563,"column":72}},"207":{"start":{"line":563,"column":
[...]
,"column":4}},"96":{"start":{"line":212,"column":2},"end":{"line":212,"column":27}},"97":{"start":{"line":215,"column":2},"end":{"line":215,"column":53}},"98":{"start":{"line":215,"column":31},"end":{"line":215,"column":53}},"99":{"start":{"line":217,"column":15},"end":{"line":217,"column":71}},"100":{"start":{"line":218,"column":14},"end":{"line":218,"column":30}},"101":{"start":{"line":219,"column":2},"end":{"line":219,"column":60}},"102":{"start":{"line":233,"column":16},"end":{"line":235,"column":4}},"103":{"start":{"line":237,"column":2},"end":{"line":237,"column":33}},"104":{"start":{"line":237,"column":26},"end":{"line":237,"column":33}},"105":{"start":{"line":239,"column":22},"end":{"line":242,"column":4}},"106":{"start":{"line":243,"column":24},"end":{"line":243,"column":54}},"107":{"start":{"line":243,"column":45},"end":{"line":243,"column":53}},"108":{"start":{"line":245,"column":2},"end":{"line":245,"column":41}},"109":{"start":{"line":245,"column":34},"end":{"line":245,"column":41}},"110":{"start":{"line":247,"column":30},"end":{"line":247,"column":81}},"111":{"start":{"line":249,"column":2},"end":{"line":313,"column":3}},"112":{"start":{"line":250,"column":21},"end":{"line":250,"column":43}},"113":{"start":{"line":251,"column":4},"end":{"line":251,"column":28}},"114":{"start":{"line":251,"column":19},"end":{"line":251,"column":28}},"115":{"start":{"line":252,"column":4},"end":{"line":252,"column":77}},"116":{"start":{"line":252,"column":68},"end":{"line":252,"column":77}},"117":{"start":{"line":254,"column":39},"end":{"line":254,"column":67}},"118":{"start":{"line":257,"column":4},"end":{"line":266,"column":6}},"119":{"start":{"line":270,"column":4},"end":{"line":283,"column":5}},"120":{"start":{"line":271,"column":6},"end":{"line":276,"column":8}},"121":{"start":{"line":278,"column":6},"end":{"line":281,"column":8}},"122":{"start":{"line":282,"column":6},"end":{"line":282,"column":41}},"123":{"start":{"line":286,"column":24},"end":{"line":299,"column":6}},"124":{"start":{"line":301,"column":4},"end":{"line":306,"column":5}},"125":{"start":{"line":302,"column":6},"end":{"line":304,"column":8}},"126":{"start":{"line":305,"column":6},"end":{"line":305,"column":15}},"127":{"start":{"line":309,"column":4},"end":{"line":312,"column":6}},"128":{"start":{"line":321,"column":21},"end":{"line":321,"column":60}},"129":{"start":{"line":322,"column":2},"end":{"line":322,"column":79}},"130":{"start":{"line":322,"column":19},"end":{"line":322,"column":79}},"131":{"start":{"line":324,"column":16},"end":{"line":326,"column":4}},"132":{"start":{"line":328,"column":22},"end":{"line":331,"column":4}},"133":{"start":{"line":332,"column":24},"end":{"line":332,"column":54}},"134":{"start":{"line":332,"column":45},"end":{"line":332,"column":53}},"135":{"start":{"line":334,"column":30},"end":{"line":334,"column":81}},"136":{"start":{"line":335,"column":36},"end":{"line":335,"column":38}},"137":{"start":{"line":337,"column":2},"end":{"line":375,"column":3}},"138":{"start":{"line":338,"column":21},"end":{"line":338,"column":43}},"139":{"start":{"line":339,"column":4},"end":{"line":339,"column":28}},"140":{"start":{"line":339,"column":19},"end":{"line":339,"column":28}},"141":{"start":{"line":342,"column":6},"end":{"line":344,"column":38}},"142":{"start":{"line":347,"column":4},"end":{"line":353,"column":7}},"143":{"start":{"line":355,"column":27},"end":{"line":359,"column":null}},"144":{"start":{"line":362,"column":23},"end":{"line":372,"column":6}},"145":{"start":{"line":374,"column":4},"end":{"line":374,"column":29}},"146":{"start":{"line":377,"column":2},"end":{"line":377,"column":17}},"147":{"start":{"line":385,"column":2},"end":{"line":385,"column":61}},"148":{"start":{"line":387,"column":22},"end":{"line":389,"column":4}},"149":{"start":{"line":391,"column":2},"end":{"line":398,"column":3}},"150":{"start":{"line":392,"column":4},"end":{"line":397,"column":5}},"151":{"start":{"line":393,"column":6},"end":{"line":393,"column":47}},"152":{"start":{"line":396,"column":6},"end":{"line":396,"column":76}},"153":{"start":{"line":400,"column":2},"end":{"line":400,"column":85}}},"fnMap":{"0":{"name":"isPeriodEndingTonight","decl":{"start":{"line":19,"column":16},"end":{"line":19,"column":37}},"loc":{"start":{"line":22,"column":11},"end":{"line":52,"column":1}}},"1":{"name":"getNextPeriod","decl":{"start":{"line":58,"column":16},"end":{"line":58,"column":29}},"loc":{"start":{"line":60,"column":11},"end":{"line":103,"column":1}}},"2":{"name":"getCurrentPeriod","decl":{"start":{"line":106,"column":16},"end":{"line":106,"column":32}},"loc":{"start":{"line":109,"column":11},"end":{"line":165,"column":1}}},"3":{"name":"selectNextAssignee","decl":{"start":{"line":180,"column":22},"end":{"line":180,"column":40}},"loc":{"start":{"line":184,"column":19},"end":{"line":220,"column":1}}},"4":{"name":"(anonymous_5)","decl":{"start":{"line":198,"column":61},"end":{"line":198,"column":63}},"loc":{"start":{"line":198,"column":67},"end":{"line":198,"column":74}}},"5":{"name":"(anonymous_6)","decl":{"start":{"line":206,"column":42},"end":{"line":206,"column":44}},"loc":{"start":{"line":206,"column":48},"end":{"line":206,"column":84}}},"6":{"name":"processColocation","decl":{"start":{"line":229,"column":22},"end":{"line":229,"column":39}},"loc":{"start":{"line":231,"column":11},"end":{"line":314,"column":1}}},"7":{"name":"(anonymous_8)","decl":{"start":{"line":243,"column":40},"end":{"line":243,"column":41}},"loc":{"start":{"line":243,"column":45},"end":{"line":243,"column":53}}},"8":{"name":"regenerateForColocation","decl":{"start":{"line":316,"column":22},"end":{"line":316,"column":45}},"loc":{"start":{"line":319,"column":24},"end":{"line":378,"column":1}}},"9":{"name":"(anonymous_10)","decl":{"start":{"line":332,"column":40},"end":{"line":332,"column":41}},"loc":{"start":{"line":332,"column":45},"end":{"line":332,"column":53}}},"10":{"name":"runRotation","decl":{"start":{"line":384,"column":22},"end":{"line":384,"column":33}},"loc":{"start":{"line":384,"column":56},"end":{"line":401,"column":1}}}},"branchMap":{"0":{"loc":{"start":{"line":26,"column":2},"end":{"line":51,"column":3}},"type":"switch","locations":[{"start":{"line":27,"column":4},"end":{"line":28,"column":18}},{"start":{"line":30,"column":4},"end":{"line":31,"column":23}},{"start":{"line":33,"column":4},"end":{"line":40,"column":5}},{"start":{"line":42,"column":4},"end":{"line":47,"column":5}},{"start":{"line":49,"column":4},"end":{"line":50,"column":19}}]},"1":{"loc":{"start":{"line":34,"column":6},"end":{"line":34,"column":34}},"type":"if","locations":[{"start":{"line":34,"column":6},"end":{"line":34,"column":34}},{"start":{},"end":{}}]},"2":{"loc":{"start":{"line":66,"column":2},"end":{"line":102,"column":3}},"type":"switch","locations":[{"start":{"line":67,"column":4},"end":{"line":72,"column":5}},{"start":{"line":74,"column":4},"end":{"line":81,"column":5}},{"start":{"line":83,"column":4},"end":{"line":90,"column":5}},{"start":{"line":92,"column":4},"end":{"line":98,"column":5}},{"start":{"line":100,"column":4},"end":{"line":101,"column":67}}]},"3":{"loc":{"start":{"line":111,"column":2},"end":{"line":164,"column":3}},"type":"switch","locations":[{"start":{"line":112,"column":4},"end":{"line":118,"column":5}},{"start":{"line":120,"column":4},"end":{"line":131,"column":5}},{"start":{"line":133,"column":4},"end":{"line":153,"column":5}},{"start":{"line":155,"column":4},"end":{"line":160,"column":5}},{"start":{"line":162,"column":4},"end":{"line":163,"column":67}}]},"4":{"loc":{"start":{"line":123,"column":27},"end":{"line":123,"column":51}},"type":"cond-expr","locations":[{"start":{"line":123,"column":39},"end":{"line":123,"column":41}},{"start":{"line":123,"column":44},"end":{"line":123,"column":51}}]},"5":{"loc":{"start":{"line":136,"column":27},"end":{"line":136,"column":51}},"type":"cond-expr","locations":[{"start":{"line":136,"column":39},"end":{"line":136,"column":41}},{"start":{"line":136,"column":44},"end":{"line":136,"column":51}}]},"6":{"loc":{"start":{"line":146,"column":6},"end":{"line":148,"column":7}},"type":"if","locations":[{"start":{"line":146,"column":6},"end":{"line":148,"column":7}},{"start":{},"end":{}}]},"7":{"loc":{"start":{"line":186,"column":2},"end":{"line":188,"column":3}},"type":"if","locations":[{"start":{"line":186,"column":2},"end":{"line":188,"column":3}},{"start":{},"end":{}}]},"8":{"loc":{"start":{"line":200,"column":4},"end":{"line":202,"column":5}},"type":"if","locations":[{"start":{"line":200,"column":4},"end":{"line":202,"column":5}},{"start":{},"end":{}}]},"9":{"loc":{"start":{"line":206,"column":49},"end":{"line":206,"column":70}},"type":"binary-expr","locations":[{"start":{"line":206,"column":49},"end":{"line":206,"column":65}},{"start":{"line":206,"column":69},"end":{"line":206,"column":70}}]},"10":{"loc":{"start":{"line":208,"column":2},"end":{"line":213,"column":3}},"type":"if","locations":[{"start":{"line":208,"column":2},"end":{"line":213,"column":3}},{"start":{},"end":{}}]},"11":{"loc":{"start":{"line":215,"column":2},"end":{"line":215,"column":53}},"type":"if","locations":[{"start":{"line":215,"column":2},"end":{"line":215,"column":53}},{"start":{},"end":{}}]},"12":{"loc":{"start":{"line":237,"column":2},"end":{"line":237,"column":33}},"type":"if","locations":[{"start":{"line":237,"column":2},"end":{"line":237,"column":33}},{"start":{},"end":{}}]},"13":{"loc":{"start":{"line":245,"column":2},"end":{"line":245,"column":41}},"type":"if","locations":[{"start":{"line":245,"column":2},"end":{"line":245,"column":41}},{"start":{},"end":{}}]},"14":{"loc":{"start":{"line":251,"column":4},"end":{"line":251,"column":28}},"type":"if","locations":[{"start":{"line":251,"column":4},"end":{"line":251,"column":28}},{"start":{},"end":{}}]},"15":{"loc":{"start":{"line":252,"column":4},"end":{"line":252,"column":77}},"type":"if","locations":[{"start":{"line":252,"column":4},"end":{"line":252,"column":77}},{"start":{},"end":{}}]},"16":{"loc":{"start":{"line":295,"column":31},"end":{"line":295,"column":55}},"type":"binary-expr","locations":[{"start":{"line":295,"column":31},"end":{"line":295,"column":41}},{"start":{"line":295,"column":45},"end":{"line":295,"column":55}}]},"17":{"loc":{"start":{"line":296,"column":32},"end":{"line":296,"column":48}},"type":"binary-expr","locations":[{"start":{"line":296,"column":32},"end":{"line":296,"column":43}},{"start":{"line":296,"column":47},"end":{"line":296,"column":48}}]},"18":{"loc":{"start":{"line":301,"column":4},"end":{"line":306,"column":5}},"type":"if","locations":[{"start":{"line":301,"column":4},"end":{"line":306,"column":5}},{"start":{},"end":{}}]},"19":{"loc":{"start":{"line":319,"column":2},"end":{"line":319,"column":24}},"type":"default-arg","locations":[{"start":{"line":319,"column":14},"end":{"line":319,"column":24}}]},"20":{"loc":{"start":{"line":322,"column":2},"end":{"line":322,"column":79}},"type":"if","locations":[{"start":{"line":322,"column":2},"end":{"line":322,"column":79}},{"start":{},"end":{}}]},"21":{"loc":{"start":{"line":339,"column":4},"end":{"line":339,"column":28}},"type":"if","locations":[{"start":{"line":339,"column":4},"end":{"line":339,"column":28}},{"start":{},"end":{}}]},"22":{"loc":{"start":{"line":342,"column":6},"end":{"line":344,"column":38}},"type":"cond-expr","locations":[{"start":{"line":343,"column":10},"end":{"line":343,"column":62}},{"start":{"line":344,"column":10},"end":{"line":344,"column":38}}]},"23":{"loc":{"start":{"line":370,"column":26},"end":{"line":370,"column":42}},"type":"binary-expr","locations":[{"start":{"line":370,"column":26},"end":{"line":370,"column":37}},{"start":{"line":370,"column":41},"end":{"line":370,"column":42}}]},"24":{"loc":{"start":{"line":384,"column":34},"end":{"line":384,"column":56}},"type":"default-arg","locations":[{"start":{"line":384,"column":46},"end":{"line":384,"column":56}}]}},"s":{"0":1,"1":1,"2":1,"3":1,"4":1,"5":1,"6":1,"7":1,"8":1,"9":1,"10":1,"11":1,"12":1,"13":1,"14":1,"15":13,"16":13,"17":2,"18":5,"19":3,"20":1,"21":2,"22":2,"23":2,"24":2,"25":2,"26":1,"27":8,"28":8,"29":8,"30":8,"31":1,"32":1,"33":1,"34":1,"35":4,"36":4,"37":4,"38":4,"39":4,"40":1,"41":1,"42":1,"43":1,"44":1,"45":1,"46":1,"47":1,"48":1,"49":1,"50":7,"51":1,"52":1,"53":1,"54":1,"55":1,"56":2,"57":2,"58":2,"59":2,"60":2,"61":2,"62":2,"63":2,"64":2,"65":2,"66":2,"67":2,"68":2,"69":2,"70":2,"71":2,"72":2,"73":1,"74":2,"75":2,"76":2,"77":2,"78":1,"79":1,"80":1,"81":1,"82":1,"83":15,"84":1,"85":14,"86":14,"87":41,"88":14,"89":3,"90":3,"91":14,"92":14,"93":41,"94":14,"95":0,"96":0,"97":14,"98":6,"99":8,"100":8,"101":8,"102":6,"103":6,"104":1,"105":5,"106":5,"107":4,"108":5,"109":1,"110":4,"111":4,"112":4,"113":4,"114":1,"115":3,"116":1,"117":2,"118":2,"119":2,"120":2,"121":0,"122":0,"123":2,"124":2,"125":1,"126":1,"127":1,"128":5,"129":5,"130":1,"131":4,"132":4,"133":4,"134":5,"135":4,"136":4,"137":4,"138":3,"139":3,"140":1,"141":2,"142":2,"143":2,"144":2,"145":2,"146":4,"147":0,"148":0,"149":0,"150":0,"151":0,"152":0,"153":0},"f":{"0":13,"1":8,"2":7,"3":15,"4":41,"5":41,"6":6,"7":4,"8":5,"9":5,"10":0},"b":{"0":[2,5,3,2,1],"1":[1,2],"2":[1,4,1,1,1],"3":[1,2,2,1,1],"4":[0,2],"5":[0,2],"6":[1,1],"7":[1,14],"8":[3,0],"9":[41,0],"10":[0,14],"11":[6,8],"12":[1,5],"13":[1,4],"14":[1,3],"15":[1,2],"16":[2,0],"17":[2,0],"18":[1,1],"19":[0],"20":[1,4],"21":[1,2],"22":[1,1],"23":[2,0],"24":[0]}}
,"/home/hippolyte/Bureau/BAC2/Dev 3/CleanColoc/server/src/services/schedulerService.ts": {"path":"/home/hippolyte/Bureau/BAC2/Dev 3/CleanColoc/server/src/services/schedulerService.ts","statementMap":{"0":{"start":{"line":4,"column":0},"end":{"line":4,"column":16}},"1":{"start":{"line":1,"column":0},"end":{"line":1,"column":29}},"2":{"start":{"line":2,"column":0},"end":{"line":2,"column":48}},"3":{"start":{"line":6,"column":2},"end":{"line":16,"column":4}},"4":{"start":{"line":9,"column":6},"end":{"line":13,"column":7}},"5":{"start":{"line":10,"column":8},"end":{"line":10,"column":28}},"6":{"start":{"line":12,"column":8},"end":{"line":12,"column":80}},"7":{"start":{"line":18,"column":2},"end":{"line":18,"column":91}}},"fnMap":{"0":{"name":"startScheduler","decl":{"start":{"line":4,"column":16},"end":{"line":4,"column":30}},"loc":{"start":{"line":4,"column":30},"end":{"line":19,"column":1}}},"1":{"name":"(anonymous_2)","decl":{"start":{"line":8,"column":4},"end":{"line":8,"column":9}},"loc":{"start":{"line":8,"column":15},"end":{"line":14,"column":5}}}},"branchMap":{},"s":{"0":0,"1":0,"2":0,"3":0,"4":0,"5":0,"6":0,"7":0},"f":{"0":0,"1":0},"b":{}}
,"/home/hippolyte/Bureau/BAC2/Dev 3/CleanColoc/server/src/services/userService.ts": {"path":"/home/hippolyte/Bureau/BAC2/Dev 3/CleanColoc/server/src/services/userService.ts","statementMap":{"0":{"start":{"line":1,"column":0},"end":{"line":1,"column":34}},"1":{"start":{"line":5,"column":25},"end":{"line":7,"column":6}},"2":{"start":{"line":9,"column":4},"end":{"line":13,"column":5}},"3":{"start":{"line":10,"column":25},"end":{"line":10,"column":64}},"4":{"start":{"line":11,"column":6},"end":{"line":11,"column":25}},"5":{"start":{"line":12,"column":6},"end":{"line":12,"column":18}},"6":{"start":{"line":15,"column":20},"end":{"line":20,"column":6}},"7":{"start":{"line":22,"column":49},"end":{"line":22,"column":65}},"8":{"start":{"line":23,"column":4},"end":{"line":23,"column":31}},"9":{"start":{"line":27,"column":17},"end":{"line":29,"column":6}},"10":{"start":{"line":30,"column":4},"end":{"line":34,"column":5}},"11":{"start":{"line":31,"column":25},"end":{"line":31,"column":60}},"12":{"start":{"line":32,"column":6},"end":{"line":32,"column":25}},"13":{"start":{"line":33,"column":6},"end":{"line":33,"column":18}},"14":{"start":{"line":35,"column":4},"end":{"line":35,"column":16}},"15":{"start":{"line":39,"column":15},"end":{"line":39,"column":38}},"16":{"start":{"line":40,"column":2},"end":{"line":44,"column":3}},"17":{"start":{"line":41,"column":23},"end":{"line":41,"column":58}},"18":{"start":{"line":42,"column":4},"end":{"line":42,"column":23}},"19":{"start":{"line":43,"column":4},"end":{"line":43,"column":16}},"20":{"start":{"line":45,"column":2},"end":{"line":45,"column":65}},"21":{"start":{"line":45,"column":35},"end":{"line":45,"column":65}},"22":{"start":{"line":46,"column":2},"end":{"line":46,"column":68}},"23":{"start":{"line":46,"column":36},"end":{"line":46,"column":68}},"24":{"start":{"line":47,"column":2},"end":{"line":47,"column":20}},"25":{"start":{"line":48,"column":48},"end":{"line":48,"column":69}},"26":{"start":{"line":49,"column":2},"end":{"line":49,"column":29}},"27":{"start":{"line":53,"column":15},"end":{"line":53,"column":38}},"28":{"start":{"line":54,"column":2},"end":{"line":58,"column":3}},"29":{"start":{"line":55,"column":23},"end":{"line":55,"column":58}},"30":{"start":{"line":56,"column":4},"end":{"line":56,"column":23}},"31":{"start":{"line":57,"column":4},"end":{"line":57,"column":16}},"32":{"start":{"line":59,"column":24},"end":{"line":59,"column":60}},"33":{"start":{"line":60,"column":2},"end":{"line":64,"column":3}},"34":{"start":{"line":61,"column":23},"end":{"line":61,"column":58}},"35":{"start":{"line":62,"column":4},"end":{"line":62,"column":23}},"36":{"start":{"line":63,"column":4},"end":{"line":63,"column":16}},"37":{"start":{"line":65,"column":2},"end":{"line":65,"column":23}},"38":{"start":{"line":3,"column":0},"end":{"line":3,"column":13}}},"fnMap":{"0":{"name":"(anonymous_1)","decl":{"start":{"line":4,"column":2},"end":{"line":4,"column":8}},"loc":{"start":{"line":4,"column":41},"end":{"line":24,"column":3}}},"1":{"name":"(anonymous_2)","decl":{"start":{"line":26,"column":2},"end":{"line":26,"column":8}},"loc":{"start":{"line":26,"column":37},"end":{"line":36,"column":3}}},"2":{"name":"(anonymous_3)","decl":{"start":{"line":38,"column":2},"end":{"line":38,"column":8}},"loc":{"start":{"line":38,"column":85},"end":{"line":50,"column":1}}},"3":{"name":"(anonymous_4)","decl":{"start":{"line":52,"column":0},"end":{"line":52,"column":6}},"loc":{"start":{"line":52,"column":52},"end":{"line":66,"column":1}}}},"branchMap":{"0":{"loc":{"start":{"line":9,"column":4},"end":{"line":13,"column":5}},"type":"if","locations":[{"start":{"line":9,"column":4},"end":{"line":13,"column":5}},{"start":{},"end":{}}]},"1":{"loc":{"start":{"line":19,"column":17},"end":{"line":19,"column":48}},"type":"binary-expr","locations":[{"start":{"line":19,"column":17},"end":{"line":19,"column":35}},{"start":{"line":19,"column":39},"end":{"line":19,"column":48}}]},"2":{"loc":{"start":{"line":30,"column":4},"end":{"line":34,"column":5}},"type":"if","locations":[{"start":{"line":30,"column":4},"end":{"line":34,"column":5}},{"start":{},"end":{}}]},"3":{"loc":{"start":{"line":40,"column":2},"end":{"line":44,"column":3}},"type":"if","locations":[{"start":{"line":40,"column":2},"end":{"line":44,"column":3}},{"start":{},"end":{}}]},"4":{"loc":{"start":{"line":45,"column":2},"end":{"line":45,"column":65}},"type":"if","locations":[{"start":{"line":45,"column":2},"end":{"line":45,"column":65}},{"start":{},"end":{}}]},"5":{"loc":{"start":{"line":46,"column":2},"end":{"line":46,"column":68}},"type":"if","locations":[{"start":{"line":46,"column":2},"end":{"line":46,"column":68}},{"start":{},"end":{}}]},"6":{"loc":{"start":{"line":54,"column":2},"end":{"line":58,"column":3}},"type":"if","locations":[{"start":{"line":54,"column":2},"end":{"line":58,"column":3}},{"start":{},"end":{}}]},"7":{"loc":{"start":{"line":60,"column":2},"end":{"line":64,"column":3}},"type":"if","locations":[{"start":{"line":60,"column":2},"end":{"line":64,"column":3}},{"start":{},"end":{}}]}},"s":{"0":1,"1":3,"2":3,"3":1,"4":1,"5":1,"6":2,"7":2,"8":2,"9":2,"10":2,"11":1,"12":1,"13":1,"14":1,"15":3,"16":3,"17":1,"18":1,"19":1,"20":2,"21":1,"22":2,"23":2,"24":2,"25":2,"26":2,"27":3,"28":3,"29":1,"30":1,"31":1,"32":2,"33":2,"34":1,"35":1,"36":1,"37":1,"38":1},"f":{"0":3,"1":2,"2":3,"3":3},"b":{"0":[1,2],"1":[2,2],"2":[1,1],"3":[1,2],"4":[1,1],"5":[2,0],"6":[1,2],"7":[1,1]}}
}
