TN:
SF:src/utils/password.ts
FN:1,(anonymous_0)
FNF:1
FNH:1
FNDA:13,(anonymous_0)
DA:1,1
DA:2,13
DA:3,12
DA:4,11
DA:6,10
DA:7,10
DA:8,10
DA:9,10
DA:11,10
DA:13,2
DA:14,1
DA:15,8
DA:17,5
DA:18,2
DA:21,3
DA:24,3
LF:16
LH:16
BRDA:2,0,0,1
BRDA:2,0,1,12
BRDA:3,1,0,1
BRDA:3,1,1,11
BRDA:4,2,0,1
BRDA:4,2,1,10
BRDA:11,3,0,2
BRDA:11,3,1,8
BRDA:13,4,0,1
BRDA:13,4,1,1
BRDA:15,5,0,5
BRDA:15,5,1,3
BRDA:15,6,0,8
BRDA:15,6,1,8
BRDA:17,7,0,3
BRDA:17,7,1,2
BRDA:17,8,0,5
BRDA:17,8,1,4
BRDA:17,8,2,3
BRDA:18,9,0,1
BRDA:18,9,1,1
BRDA:21,10,0,1
BRDA:21,10,1,2
BRDA:21,11,0,3
BRDA:21,11,1,2
BRF:25
BRH:25
end_of_record
TN:
SF:src/utils/shipping.ts
FN:44,calculateShipping
FNF:1
FNH:1
FNDA:18,calculateShipping
DA:44,1
DA:50,18
DA:51,1
DA:54,17
DA:55,3
DA:59,14
DA:61,14
DA:62,7
DA:63,7
DA:64,4
DA:66,3
DA:70,14
DA:71,5
DA:75,14
DA:76,3
DA:79,14
LF:16
LH:16
BRDA:50,0,0,1
BRDA:50,0,1,17
BRDA:54,1,0,3
BRDA:54,1,1,14
BRDA:54,2,0,17
BRDA:54,2,1,15
BRDA:61,3,0,7
BRDA:61,3,1,7
BRDA:63,4,0,4
BRDA:63,4,1,3
BRDA:70,5,0,5
BRDA:70,5,1,9
BRDA:75,6,0,3
BRDA:75,6,1,11
BRF:14
BRH:14
end_of_record
TN:
SF:src/utils/userValidator.ts
FN:3,validateUserRegistration
FNF:1
FNH:1
FNDA:6,validateUserRegistration
DA:3,1
DA:9,6
DA:10,1
DA:14,5
DA:15,1
DA:19,4
DA:20,1
DA:25,3
DA:26,1
DA:31,2
DA:32,1
DA:36,1
LF:12
LH:12
BRDA:9,0,0,1
BRDA:9,0,1,5
BRDA:14,1,0,1
BRDA:14,1,1,4
BRDA:14,2,0,5
BRDA:14,2,1,2
BRDA:19,3,0,1
BRDA:19,3,1,3
BRDA:25,4,0,1
BRDA:25,4,1,2
BRDA:31,5,0,1
BRDA:31,5,1,1
BRDA:31,6,0,2
BRDA:31,6,1,2
BRDA:31,7,0,2
BRDA:31,7,1,1
BRF:16
BRH:16
end_of_record
