TN:
SF:src/controllers/Admincontroller.ts
FN:10,(anonymous_1)
FN:33,(anonymous_2)
FN:63,(anonymous_3)
FN:79,(anonymous_4)
FN:89,(anonymous_5)
FN:105,(anonymous_6)
FN:121,(anonymous_7)
FN:142,(anonymous_8)
FNF:8
FNH:8
FNDA:2,(anonymous_1)
FNDA:3,(anonymous_2)
FNDA:2,(anonymous_3)
FNDA:2,(anonymous_4)
FNDA:1,(anonymous_5)
FNDA:2,(anonymous_6)
FNDA:1,(anonymous_7)
FNDA:1,(anonymous_8)
DA:2,1
DA:3,1
DA:4,1
DA:5,1
DA:6,1
DA:7,1
DA:10,1
DA:11,2
DA:12,2
DA:19,1
DA:26,1
DA:28,1
DA:33,1
DA:34,3
DA:35,3
DA:36,3
DA:37,3
DA:38,3
DA:40,3
DA:41,3
DA:42,0
DA:48,3
DA:56,3
DA:58,0
DA:63,1
DA:64,2
DA:65,2
DA:66,2
DA:67,2
DA:68,1
DA:69,1
DA:71,1
DA:72,1
DA:74,0
DA:79,1
DA:80,2
DA:81,2
DA:88,2
DA:90,1
DA:94,1
DA:98,2
DA:100,0
DA:105,1
DA:106,2
DA:107,2
DA:108,2
DA:109,2
DA:110,1
DA:111,1
DA:113,1
DA:114,1
DA:116,0
DA:121,1
DA:122,1
DA:123,1
DA:135,1
DA:137,0
DA:142,1
DA:143,1
DA:144,1
DA:155,1
DA:157,0
LF:62
LH:55
BRDA:36,0,0,3
BRDA:36,0,1,1
BRDA:37,1,0,3
BRDA:37,1,1,1
BRDA:41,2,0,0
BRDA:41,2,1,3
BRDA:67,3,0,1
BRDA:67,3,1,1
BRDA:109,4,0,1
BRDA:109,4,1,1
BRF:10
BRH:9
end_of_record
TN:
SF:src/controllers/assignmentController.ts
FN:31,(anonymous_1)
FN:121,(anonymous_2)
FN:188,(anonymous_3)
FN:241,(anonymous_4)
FN:263,(anonymous_5)
FN:290,(anonymous_6)
FN:410,(anonymous_7)
FN:433,(anonymous_8)
FNF:8
FNH:5
FNDA:3,(anonymous_1)
FNDA:5,(anonymous_2)
FNDA:4,(anonymous_3)
FNDA:3,(anonymous_4)
FNDA:0,(anonymous_5)
FNDA:0,(anonymous_6)
FNDA:0,(anonymous_7)
FNDA:6,(anonymous_8)
DA:2,1
DA:3,1
DA:4,1
DA:5,1
DA:6,1
DA:7,1
DA:9,1
DA:31,1
DA:36,3
DA:37,3
DA:38,3
DA:40,3
DA:43,3
DA:44,3
DA:45,1
DA:46,1
DA:49,1
DA:51,0
DA:55,2
DA:56,2
DA:58,0
DA:60,0
DA:61,0
DA:65,0
DA:66,0
DA:69,0
DA:73,0
DA:77,2
DA:78,2
DA:79,1
DA:82,1
DA:85,1
DA:86,1
DA:87,1
DA:88,0
DA:89,0
DA:90,0
DA:91,0
DA:95,1
DA:111,1
DA:113,0
DA:121,1
DA:126,5
DA:127,5
DA:129,5
DA:130,1
DA:133,1
DA:136,4
DA:138,4
DA:139,1
DA:140,1
DA:143,3
DA:145,3
DA:146,1
DA:149,1
DA:152,2
DA:153,0
DA:154,0
DA:157,2
DA:161,2
DA:162,1
DA:165,1
DA:168,1
DA:174,1
DA:177,1
DA:179,0
DA:188,1
DA:193,4
DA:194,4
DA:195,4
DA:197,4
DA:198,2
DA:207,2
DA:208,1
DA:211,1
DA:215,2
DA:219,2
DA:220,1
DA:223,1
DA:227,2
DA:230,2
DA:232,0
DA:241,1
DA:246,3
DA:247,3
DA:249,3
DA:250,2
DA:253,2
DA:256,1
DA:257,1
DA:259,0
DA:263,1
DA:268,0
DA:269,0
DA:270,0
DA:272,0
DA:273,0
DA:274,0
DA:277,0
DA:279,0
DA:281,0
DA:290,1
DA:295,0
DA:296,0
DA:297,0
DA:299,0
DA:300,0
DA:301,0
DA:303,0
DA:304,0
DA:305,0
DA:308,0
DA:309,0
DA:311,0
DA:312,0
DA:313,0
DA:315,0
DA:316,0
DA:317,0
DA:318,0
DA:319,0
DA:323,0
DA:325,0
DA:378,0
DA:379,0
DA:381,0
DA:382,0
DA:383,0
DA:391,0
DA:392,0
DA:393,0
DA:395,0
DA:396,0
DA:403,0
DA:404,0
DA:405,0
DA:409,0
DA:410,0
DA:412,0
DA:414,0
DA:423,0
DA:433,1
DA:438,6
DA:439,6
DA:440,6
DA:441,6
DA:443,6
DA:444,1
DA:445,1
DA:448,1
DA:451,5
DA:453,5
DA:454,1
DA:455,1
DA:456,1
DA:460,4
DA:461,1
DA:462,1
DA:465,1
DA:469,3
DA:470,1
DA:471,1
DA:474,1
DA:477,2
DA:482,2
DA:483,1
DA:484,1
DA:487,1
DA:490,1
DA:492,1
DA:501,1
DA:506,1
DA:509,1
DA:511,0
DA:512,0
LF:175
LH:107
BRDA:44,0,0,1
BRDA:44,0,1,2
BRDA:45,1,0,1
BRDA:45,1,1,0
BRDA:56,2,0,0
BRDA:56,2,1,2
BRDA:58,3,0,0
BRDA:58,3,1,0
BRDA:60,4,0,0
BRDA:60,4,1,0
BRDA:65,5,0,0
BRDA:65,5,1,0
BRDA:77,6,0,2
BRDA:77,6,1,1
BRDA:78,7,0,1
BRDA:78,7,1,1
BRDA:85,8,0,1
BRDA:85,8,1,0
BRDA:88,9,0,0
BRDA:88,9,1,0
BRDA:90,10,0,0
BRDA:90,10,1,0
BRDA:129,11,0,1
BRDA:129,11,1,4
BRDA:138,12,0,1
BRDA:138,12,1,3
BRDA:145,13,0,1
BRDA:145,13,1,2
BRDA:152,14,0,0
BRDA:152,14,1,2
BRDA:161,15,0,1
BRDA:161,15,1,1
BRDA:197,16,0,2
BRDA:197,16,1,2
BRDA:197,17,0,4
BRDA:197,17,1,2
BRDA:207,18,0,1
BRDA:207,18,1,1
BRDA:219,19,0,1
BRDA:219,19,1,1
BRDA:249,20,0,2
BRDA:249,20,1,1
BRDA:272,21,0,0
BRDA:272,21,1,0
BRDA:272,22,0,0
BRDA:272,22,1,0
BRDA:299,23,0,0
BRDA:299,23,1,0
BRDA:299,24,0,0
BRDA:299,24,1,0
BRDA:303,25,0,0
BRDA:303,25,1,0
BRDA:303,26,0,0
BRDA:303,26,1,0
BRDA:311,27,0,0
BRDA:311,27,1,0
BRDA:315,28,0,0
BRDA:315,28,1,0
BRDA:323,29,0,0
BRDA:323,29,1,0
BRDA:382,30,0,0
BRDA:382,30,1,0
BRDA:395,31,0,0
BRDA:395,31,1,0
BRDA:415,32,0,0
BRDA:415,32,1,0
BRDA:415,33,0,0
BRDA:415,33,1,0
BRDA:419,34,0,0
BRDA:419,34,1,0
BRDA:420,35,0,0
BRDA:420,35,1,0
BRDA:443,36,0,1
BRDA:443,36,1,5
BRDA:453,37,0,1
BRDA:453,37,1,4
BRDA:453,38,0,5
BRDA:453,38,1,4
BRDA:460,39,0,1
BRDA:460,39,1,3
BRDA:460,40,0,4
BRDA:460,40,1,1
BRDA:469,41,0,1
BRDA:469,41,1,2
BRDA:482,42,0,1
BRDA:482,42,1,1
BRF:86
BRH:42
end_of_record
TN:
SF:src/controllers/colocationController.ts
FN:9,(anonymous_1)
FN:13,(anonymous_2)
FN:22,(anonymous_3)
FN:76,(anonymous_4)
FN:131,(anonymous_5)
FN:166,(anonymous_6)
FN:201,(anonymous_7)
FN:220,(anonymous_8)
FN:228,(anonymous_9)
FN:240,(anonymous_10)
FN:268,(anonymous_11)
FN:306,(anonymous_12)
FN:325,(anonymous_13)
FN:371,(anonymous_14)
FN:393,(anonymous_15)
FN:449,(anonymous_16)
FNF:16
FNH:15
FNDA:3,(anonymous_1)
FNDA:3,(anonymous_2)
FNDA:6,(anonymous_3)
FNDA:4,(anonymous_4)
FNDA:2,(anonymous_5)
FNDA:3,(anonymous_6)
FNDA:2,(anonymous_7)
FNDA:2,(anonymous_8)
FNDA:1,(anonymous_9)
FNDA:3,(anonymous_10)
FNDA:5,(anonymous_11)
FNDA:1,(anonymous_12)
FNDA:4,(anonymous_13)
FNDA:2,(anonymous_14)
FNDA:0,(anonymous_15)
FNDA:4,(anonymous_16)
DA:2,1
DA:3,1
DA:4,1
DA:5,1
DA:6,1
DA:7,1
DA:9,1
DA:10,3
DA:13,1
DA:14,3
DA:15,3
DA:16,3
DA:17,3
DA:19,0
DA:22,1
DA:27,6
DA:28,6
DA:29,6
DA:31,6
DA:32,1
DA:33,1
DA:36,5
DA:37,2
DA:38,2
DA:41,3
DA:46,3
DA:47,1
DA:48,1
DA:51,2
DA:53,2
DA:59,2
DA:60,1
DA:61,1
DA:63,1
DA:70,2
DA:72,0
DA:76,1
DA:81,4
DA:82,4
DA:83,4
DA:85,4
DA:86,0
DA:87,0
DA:90,4
DA:91,1
DA:92,1
DA:95,3
DA:100,3
DA:101,1
DA:102,1
DA:105,2
DA:109,2
DA:110,1
DA:111,1
DA:114,1
DA:115,0
DA:116,0
DA:118,1
DA:125,1
DA:127,0
DA:131,1
DA:136,2
DA:137,2
DA:138,2
DA:139,0
DA:140,0
DA:143,2
DA:152,2
DA:153,1
DA:154,1
DA:157,1
DA:162,0
DA:166,1
DA:171,3
DA:172,3
DA:173,3
DA:175,3
DA:176,0
DA:177,0
DA:180,3
DA:181,3
DA:182,1
DA:183,1
DA:186,2
DA:190,2
DA:191,1
DA:192,1
DA:195,1
DA:197,0
DA:201,1
DA:206,2
DA:207,2
DA:209,2
DA:219,2
DA:220,2
DA:229,1
DA:230,0
DA:231,0
DA:234,2
DA:236,0
DA:240,1
DA:245,3
DA:246,3
DA:247,3
DA:249,3
DA:250,1
DA:251,1
DA:254,2
DA:255,2
DA:256,1
DA:257,1
DA:260,1
DA:262,1
DA:264,0
DA:268,1
DA:273,5
DA:274,5
DA:275,5
DA:276,5
DA:278,5
DA:279,1
DA:280,1
DA:283,4
DA:284,1
DA:285,1
DA:288,3
DA:292,3
DA:293,1
DA:294,1
DA:297,2
DA:298,1
DA:299,1
DA:302,1
DA:306,1
DA:307,1
DA:308,1
DA:313,1
DA:321,0
DA:325,1
DA:330,4
DA:331,4
DA:332,4
DA:334,4
DA:335,1
DA:336,1
DA:339,3
DA:340,1
DA:341,1
DA:344,2
DA:345,2
DA:346,1
DA:347,1
DA:350,1
DA:351,1
DA:352,1
DA:354,1
DA:356,1
DA:367,0
DA:371,1
DA:376,2
DA:377,2
DA:379,2
DA:380,2
DA:381,1
DA:382,1
DA:385,1
DA:386,1
DA:388,1
DA:390,0
DA:393,1
DA:398,0
DA:399,0
DA:400,0
DA:401,0
DA:403,0
DA:404,0
DA:405,0
DA:406,0
DA:409,0
DA:414,0
DA:415,0
DA:416,0
DA:417,0
DA:420,0
DA:426,0
DA:427,0
DA:428,0
DA:429,0
DA:433,0
DA:434,0
DA:435,0
DA:436,0
DA:438,0
DA:441,0
DA:442,0
DA:444,0
DA:445,0
DA:449,1
DA:454,4
DA:455,4
DA:457,4
DA:458,1
DA:459,1
DA:462,3
DA:463,3
DA:464,3
DA:465,3
DA:467,3
DA:468,1
DA:469,1
DA:472,1
DA:475,2
DA:480,2
DA:481,1
DA:482,1
DA:483,1
DA:486,1
DA:488,1
DA:493,1
DA:494,1
DA:496,0
DA:497,0
LF:222
LH:173
BRDA:13,0,0,3
BRDA:17,1,0,3
BRDA:17,1,1,0
BRDA:31,2,0,1
BRDA:31,2,1,5
BRDA:36,3,0,2
BRDA:36,3,1,3
BRDA:36,4,0,5
BRDA:36,4,1,4
BRDA:36,4,2,4
BRDA:46,5,0,1
BRDA:46,5,1,2
BRDA:46,6,0,3
BRDA:46,6,1,2
BRDA:55,7,0,2
BRDA:55,7,1,1
BRDA:59,8,0,1
BRDA:59,8,1,1
BRDA:85,9,0,0
BRDA:85,9,1,4
BRDA:90,10,0,1
BRDA:90,10,1,3
BRDA:90,11,0,4
BRDA:90,11,1,3
BRDA:90,11,2,3
BRDA:100,12,0,1
BRDA:100,12,1,2
BRDA:100,13,0,3
BRDA:100,13,1,1
BRDA:109,14,0,1
BRDA:109,14,1,1
BRDA:114,15,0,0
BRDA:114,15,1,1
BRDA:138,16,0,0
BRDA:138,16,1,2
BRDA:152,17,0,1
BRDA:152,17,1,1
BRDA:175,18,0,0
BRDA:175,18,1,3
BRDA:181,19,0,1
BRDA:181,19,1,2
BRDA:190,20,0,1
BRDA:190,20,1,1
BRDA:224,21,0,2
BRDA:224,21,1,2
BRDA:229,22,0,1
BRDA:229,22,1,0
BRDA:229,23,0,1
BRDA:229,23,1,1
BRDA:230,24,0,0
BRDA:230,24,1,0
BRDA:230,25,0,0
BRDA:230,25,1,0
BRDA:249,26,0,1
BRDA:249,26,1,2
BRDA:255,27,0,1
BRDA:255,27,1,1
BRDA:278,28,0,1
BRDA:278,28,1,4
BRDA:283,29,0,1
BRDA:283,29,1,3
BRDA:292,30,0,1
BRDA:292,30,1,2
BRDA:297,31,0,1
BRDA:297,31,1,1
BRDA:334,32,0,1
BRDA:334,32,1,3
BRDA:334,33,0,4
BRDA:334,33,1,1
BRDA:339,34,0,1
BRDA:339,34,1,2
BRDA:339,35,0,3
BRDA:339,35,1,3
BRDA:339,35,2,3
BRDA:345,36,0,1
BRDA:345,36,1,1
BRDA:351,37,0,1
BRDA:351,37,1,0
BRDA:352,38,0,0
BRDA:352,38,1,1
BRDA:380,39,0,1
BRDA:380,39,1,1
BRDA:403,40,0,0
BRDA:403,40,1,0
BRDA:414,41,0,0
BRDA:414,41,1,0
BRDA:426,42,0,0
BRDA:426,42,1,0
BRDA:426,43,0,0
BRDA:426,43,1,0
BRDA:433,44,0,0
BRDA:433,44,1,0
BRDA:457,45,0,1
BRDA:457,45,1,3
BRDA:467,46,0,1
BRDA:467,46,1,2
BRDA:480,47,0,1
BRDA:480,47,1,1
BRF:98
BRH:76
end_of_record
TN:
SF:src/controllers/expenseController.ts
FN:18,(anonymous_1)
FN:94,(anonymous_2)
FN:115,(anonymous_3)
FN:137,(anonymous_4)
FN:158,(anonymous_5)
FN:207,(anonymous_6)
FN:280,(anonymous_7)
FN:388,(anonymous_8)
FN:398,(anonymous_9)
FN:399,(anonymous_10)
FN:403,(anonymous_11)
FN:404,(anonymous_12)
FN:422,(anonymous_13)
FN:481,(anonymous_14)
FN:524,(anonymous_15)
FN:543,(anonymous_16)
FN:563,(anonymous_17)
FN:591,(anonymous_18)
FN:600,(anonymous_19)
FN:601,(anonymous_20)
FN:602,(anonymous_21)
FN:605,(anonymous_22)
FN:606,(anonymous_23)
FN:607,(anonymous_24)
FNF:24
FNH:15
FNDA:12,(anonymous_1)
FNDA:7,(anonymous_2)
FNDA:7,(anonymous_3)
FNDA:6,(anonymous_4)
FNDA:0,(anonymous_5)
FNDA:3,(anonymous_6)
FNDA:0,(anonymous_7)
FNDA:0,(anonymous_8)
FNDA:0,(anonymous_9)
FNDA:0,(anonymous_10)
FNDA:0,(anonymous_11)
FNDA:0,(anonymous_12)
FNDA:0,(anonymous_13)
FNDA:3,(anonymous_14)
FNDA:5,(anonymous_15)
FNDA:9,(anonymous_16)
FNDA:9,(anonymous_17)
FNDA:9,(anonymous_18)
FNDA:9,(anonymous_19)
FNDA:3,(anonymous_20)
FNDA:0,(anonymous_21)
FNDA:9,(anonymous_22)
FNDA:4,(anonymous_23)
FNDA:1,(anonymous_24)
DA:2,1
DA:3,1
DA:4,1
DA:5,1
DA:6,1
DA:18,1
DA:23,12
DA:24,12
DA:25,12
DA:27,12
DA:31,12
DA:32,1
DA:33,1
DA:36,11
DA:37,1
DA:38,1
DA:41,10
DA:42,10
DA:43,3
DA:46,3
DA:49,7
DA:50,1
DA:51,1
DA:56,6
DA:57,1
DA:58,1
DA:59,1
DA:61,0
DA:63,5
DA:70,5
DA:71,2
DA:72,1
DA:73,1
DA:76,1
DA:81,1
DA:82,1
DA:85,1
DA:88,0
DA:90,3
DA:94,7
DA:97,3
DA:98,0
DA:99,0
DA:104,3
DA:105,3
DA:106,0
DA:107,0
DA:110,3
DA:114,3
DA:115,7
DA:120,3
DA:121,3
DA:122,3
DA:126,3
DA:137,6
DA:144,2
DA:146,2
DA:148,1
DA:158,1
DA:163,0
DA:164,0
DA:166,0
DA:187,0
DA:188,0
DA:189,0
DA:192,0
DA:194,0
DA:207,1
DA:212,3
DA:213,3
DA:214,3
DA:216,3
DA:219,3
DA:220,2
DA:222,2
DA:223,1
DA:224,1
DA:225,1
DA:227,0
DA:230,1
DA:231,1
DA:232,1
DA:233,1
DA:235,0
DA:238,0
DA:239,0
DA:244,1
DA:245,0
DA:248,1
DA:264,1
DA:266,0
DA:280,1
DA:285,0
DA:286,0
DA:287,0
DA:288,0
DA:291,0
DA:292,0
DA:295,0
DA:298,0
DA:301,0
DA:309,0
DA:310,0
DA:315,0
DA:316,0
DA:317,0
DA:321,0
DA:322,0
DA:323,0
DA:324,0
DA:327,0
DA:331,0
DA:332,0
DA:333,0
DA:336,0
DA:337,0
DA:338,0
DA:339,0
DA:347,0
DA:348,0
DA:349,0
DA:350,0
DA:353,0
DA:358,0
DA:359,0
DA:362,0
DA:365,0
DA:369,0
DA:373,0
DA:374,0
DA:375,0
DA:376,0
DA:381,0
DA:383,0
DA:384,0
DA:388,0
DA:391,0
DA:397,0
DA:398,0
DA:399,0
DA:401,0
DA:403,0
DA:404,0
DA:408,0
DA:409,0
DA:410,0
DA:411,0
DA:415,0
DA:418,0
DA:419,0
DA:420,0
DA:422,0
DA:429,0
DA:432,0
DA:433,0
DA:438,0
DA:439,0
DA:440,0
DA:441,0
DA:443,0
DA:444,0
DA:446,0
DA:447,0
DA:451,0
DA:468,0
DA:470,0
DA:481,1
DA:486,3
DA:487,3
DA:488,3
DA:489,3
DA:491,3
DA:492,1
DA:495,1
DA:498,2
DA:499,2
DA:501,2
DA:503,2
DA:504,2
DA:506,0
DA:507,0
DA:510,2
DA:512,0
DA:524,1
DA:529,5
DA:530,5
DA:532,5
DA:543,9
DA:545,5
DA:546,1
DA:547,1
DA:550,4
DA:563,9
DA:565,4
DA:566,5
DA:567,5
DA:570,5
DA:576,5
DA:577,11
DA:578,11
DA:583,4
DA:584,4
DA:585,9
DA:586,9
DA:587,9
DA:591,9
DA:599,4
DA:600,9
DA:601,3
DA:602,0
DA:604,4
DA:605,9
DA:606,4
DA:607,1
DA:615,4
DA:617,4
DA:618,4
DA:620,4
DA:621,4
DA:622,4
DA:624,4
DA:626,4
DA:634,4
DA:635,4
DA:637,4
DA:638,4
DA:641,4
DA:643,0
LF:228
LH:129
BRDA:31,0,0,1
BRDA:31,0,1,11
BRDA:31,1,0,12
BRDA:31,1,1,11
BRDA:31,1,2,11
BRDA:36,2,0,1
BRDA:36,2,1,10
BRDA:36,3,0,11
BRDA:36,3,1,10
BRDA:42,4,0,3
BRDA:42,4,1,7
BRDA:42,5,0,10
BRDA:42,5,1,9
BRDA:49,6,0,1
BRDA:49,6,1,6
BRDA:49,7,0,7
BRDA:49,7,1,6
BRDA:49,7,2,6
BRDA:56,8,0,1
BRDA:56,8,1,5
BRDA:56,9,0,6
BRDA:56,9,1,1
BRDA:56,9,2,1
BRDA:57,10,0,1
BRDA:57,10,1,0
BRDA:70,11,0,2
BRDA:70,11,1,3
BRDA:71,12,0,1
BRDA:71,12,1,1
BRDA:71,13,0,2
BRDA:71,13,1,2
BRDA:81,14,0,1
BRDA:81,14,1,0
BRDA:97,15,0,0
BRDA:97,15,1,3
BRDA:105,16,0,0
BRDA:105,16,1,3
BRDA:130,17,0,3
BRDA:130,17,1,3
BRDA:140,18,0,6
BRDA:140,18,1,0
BRDA:141,19,0,2
BRDA:141,19,1,4
BRDA:187,20,0,0
BRDA:187,20,1,0
BRDA:219,21,0,2
BRDA:219,21,1,1
BRDA:219,22,0,3
BRDA:219,22,1,2
BRDA:222,23,0,1
BRDA:222,23,1,1
BRDA:222,24,0,2
BRDA:222,24,1,1
BRDA:223,25,0,1
BRDA:223,25,1,0
BRDA:230,26,0,1
BRDA:230,26,1,0
BRDA:230,27,0,1
BRDA:230,27,1,1
BRDA:231,28,0,1
BRDA:231,28,1,0
BRDA:238,29,0,0
BRDA:238,29,1,0
BRDA:244,30,0,0
BRDA:244,30,1,1
BRDA:244,31,0,1
BRDA:244,31,1,0
BRDA:244,31,2,0
BRDA:291,32,0,0
BRDA:291,32,1,0
BRDA:291,33,0,0
BRDA:291,33,1,0
BRDA:301,34,0,0
BRDA:301,34,1,0
BRDA:302,35,0,0
BRDA:302,35,1,0
BRDA:302,35,2,0
BRDA:302,35,3,0
BRDA:302,35,4,0
BRDA:302,35,5,0
BRDA:315,36,0,0
BRDA:315,36,1,0
BRDA:315,37,0,0
BRDA:315,37,1,0
BRDA:315,37,2,0
BRDA:321,38,0,0
BRDA:321,38,1,0
BRDA:323,39,0,0
BRDA:323,39,1,0
BRDA:323,40,0,0
BRDA:323,40,1,0
BRDA:331,41,0,0
BRDA:331,41,1,0
BRDA:331,42,0,0
BRDA:331,42,1,0
BRDA:331,42,2,0
BRDA:336,43,0,0
BRDA:336,43,1,0
BRDA:336,44,0,0
BRDA:336,44,1,0
BRDA:336,44,2,0
BRDA:337,45,0,0
BRDA:337,45,1,0
BRDA:347,46,0,0
BRDA:347,46,1,0
BRDA:348,47,0,0
BRDA:348,47,1,0
BRDA:348,48,0,0
BRDA:348,48,1,0
BRDA:358,49,0,0
BRDA:358,49,1,0
BRDA:369,50,0,0
BRDA:369,50,1,0
BRDA:375,51,0,0
BRDA:375,51,1,0
BRDA:376,52,0,0
BRDA:376,52,1,0
BRDA:381,53,0,0
BRDA:381,53,1,0
BRDA:408,54,0,0
BRDA:408,54,1,0
BRDA:425,55,0,0
BRDA:425,55,1,0
BRDA:426,56,0,0
BRDA:426,56,1,0
BRDA:432,57,0,0
BRDA:432,57,1,0
BRDA:438,58,0,0
BRDA:438,58,1,0
BRDA:439,59,0,0
BRDA:439,59,1,0
BRDA:440,60,0,0
BRDA:440,60,1,0
BRDA:440,61,0,0
BRDA:440,61,1,0
BRDA:441,62,0,0
BRDA:441,62,1,0
BRDA:441,63,0,0
BRDA:441,63,1,0
BRDA:441,63,2,0
BRDA:491,64,0,1
BRDA:491,64,1,2
BRDA:491,65,0,3
BRDA:491,65,1,2
BRDA:545,66,0,1
BRDA:545,66,1,4
BRDA:566,67,0,5
BRDA:566,67,1,0
BRDA:566,68,0,5
BRDA:566,68,1,5
BRDA:577,69,0,11
BRDA:577,69,1,0
BRDA:577,70,0,11
BRDA:577,70,1,11
BRDA:586,71,0,9
BRDA:586,71,1,0
BRDA:587,72,0,9
BRDA:587,72,1,9
BRDA:593,73,0,9
BRDA:593,73,1,0
BRDA:594,74,0,9
BRDA:594,74,1,9
BRDA:595,75,0,9
BRDA:595,75,1,0
BRDA:620,76,0,8
BRDA:620,76,1,4
BRDA:637,77,0,3
BRDA:637,77,1,1
BRDA:638,78,0,4
BRDA:638,78,1,0
BRF:170
BRH:77
end_of_record
TN:
SF:src/controllers/taskController.ts
FN:24,(anonymous_1)
FN:108,(anonymous_2)
FN:163,(anonymous_3)
FNF:3
FNH:3
FNDA:9,(anonymous_1)
FNDA:5,(anonymous_2)
FNDA:1,(anonymous_3)
DA:2,1
DA:3,1
DA:5,1
DA:24,1
DA:29,9
DA:30,9
DA:31,9
DA:33,9
DA:34,2
DA:35,2
DA:38,7
DA:40,7
DA:41,7
DA:42,1
DA:45,1
DA:48,6
DA:49,1
DA:52,1
DA:56,5
DA:57,4
DA:58,4
DA:59,1
DA:60,1
DA:62,3
DA:63,1
DA:64,1
DA:68,3
DA:78,2
DA:79,1
DA:80,1
DA:82,1
DA:93,1
DA:94,1
DA:97,1
DA:99,1
DA:108,1
DA:113,5
DA:114,5
DA:115,5
DA:116,5
DA:118,5
DA:119,2
DA:120,1
DA:121,1
DA:123,1
DA:126,4
DA:127,0
DA:130,4
DA:131,2
DA:132,1
DA:134,1
DA:135,1
DA:136,1
DA:137,1
DA:139,0
DA:143,3
DA:144,1
DA:145,1
DA:148,2
DA:149,2
DA:152,2
DA:154,0
DA:163,1
DA:168,1
DA:169,1
DA:171,1
DA:175,1
DA:176,1
DA:178,0
LF:69
LH:65
BRDA:33,0,0,2
BRDA:33,0,1,7
BRDA:33,1,0,9
BRDA:33,1,1,8
BRDA:33,1,2,8
BRDA:38,2,0,7
BRDA:38,2,1,4
BRDA:41,3,0,1
BRDA:41,3,1,6
BRDA:41,4,0,7
BRDA:41,4,1,3
BRDA:48,5,0,1
BRDA:48,5,1,5
BRDA:48,6,0,6
BRDA:48,6,1,4
BRDA:56,7,0,4
BRDA:56,7,1,1
BRDA:56,8,0,5
BRDA:56,8,1,4
BRDA:56,8,2,4
BRDA:58,9,0,1
BRDA:58,9,1,3
BRDA:62,10,0,1
BRDA:62,10,1,2
BRDA:70,11,0,3
BRDA:70,11,1,3
BRDA:73,12,0,2
BRDA:73,12,1,1
BRDA:78,13,0,1
BRDA:78,13,1,1
BRDA:80,14,0,1
BRDA:80,14,1,0
BRDA:118,15,0,2
BRDA:118,15,1,3
BRDA:119,16,0,1
BRDA:119,16,1,1
BRDA:119,17,0,2
BRDA:119,17,1,2
BRDA:126,18,0,0
BRDA:126,18,1,4
BRDA:127,19,0,0
BRDA:127,19,1,0
BRDA:130,20,0,2
BRDA:130,20,1,2
BRDA:131,21,0,1
BRDA:131,21,1,1
BRDA:131,22,0,2
BRDA:131,22,1,1
BRDA:135,23,0,1
BRDA:135,23,1,0
BRDA:143,24,0,1
BRDA:143,24,1,2
BRF:52
BRH:47
end_of_record
TN:
SF:src/controllers/userController.ts
FN:6,(anonymous_0)
FN:18,(anonymous_1)
FN:44,(anonymous_2)
FN:54,(anonymous_3)
FN:77,(anonymous_4)
FN:90,(anonymous_5)
FN:104,(anonymous_6)
FNF:7
FNH:7
FNDA:2,(anonymous_0)
FNDA:2,(anonymous_1)
FNDA:2,(anonymous_2)
FNDA:3,(anonymous_3)
FNDA:1,(anonymous_4)
FNDA:2,(anonymous_5)
FNDA:3,(anonymous_6)
DA:2,1
DA:3,1
DA:5,1
DA:7,2
DA:8,2
DA:9,1
DA:14,1
DA:19,2
DA:20,2
DA:21,2
DA:23,1
DA:30,1
DA:40,1
DA:45,2
DA:46,2
DA:47,2
DA:48,1
DA:50,1
DA:55,3
DA:56,3
DA:57,3
DA:58,1
DA:59,1
DA:62,2
DA:64,1
DA:73,1
DA:78,1
DA:79,1
DA:84,1
DA:86,0
DA:91,2
DA:92,2
DA:93,2
DA:94,2
DA:95,1
DA:96,1
DA:98,1
DA:99,1
DA:101,0
DA:105,3
DA:106,3
DA:107,3
DA:108,3
DA:109,1
DA:110,1
DA:112,2
DA:113,1
DA:114,1
DA:116,1
LF:49
LH:47
BRDA:57,0,0,1
BRDA:57,0,1,2
BRDA:94,1,0,1
BRDA:94,1,1,1
BRDA:94,2,0,2
BRDA:94,2,1,1
BRDA:108,3,0,1
BRDA:108,3,1,2
BRF:8
BRH:8
end_of_record
TN:
SF:src/services/authService.ts
FN:5,(anonymous_1)
FN:13,(anonymous_2)
FN:21,(anonymous_3)
FN:36,(anonymous_4)
FNF:4
FNH:4
FNDA:6,(anonymous_1)
FNDA:4,(anonymous_2)
FNDA:4,(anonymous_3)
FNDA:4,(anonymous_4)
DA:1,1
DA:2,1
DA:4,1
DA:6,6
DA:14,4
DA:22,4
DA:24,4
DA:25,2
DA:26,2
DA:27,2
DA:30,2
DA:31,2
DA:33,2
DA:38,4
DA:39,4
DA:44,1
DA:45,1
DA:46,1
DA:49,3
DA:50,3
DA:51,1
DA:52,1
DA:53,1
DA:56,2
DA:57,2
LF:25
LH:25
BRDA:8,0,0,6
BRDA:8,0,1,6
BRDA:16,1,0,4
BRDA:16,1,1,4
BRDA:24,2,0,2
BRDA:24,2,1,2
BRDA:24,3,0,4
BRDA:24,3,1,3
BRDA:41,4,0,4
BRDA:41,4,1,4
BRDA:50,5,0,1
BRDA:50,5,1,2
BRF:12
BRH:12
end_of_record
TN:
SF:src/services/notificationService.ts
FN:6,notify
FNF:1
FNH:0
FNDA:0,notify
DA:6,0
DA:7,0
LF:2
LH:0
BRF:0
BRH:0
end_of_record
TN:
SF:src/services/rotationService.ts
FN:19,isPeriodEndingTonight
FN:58,getNextPeriod
FN:106,getCurrentPeriod
FN:180,selectNextAssignee
FN:198,(anonymous_5)
FN:206,(anonymous_6)
FN:229,processColocation
FN:243,(anonymous_8)
FN:316,regenerateForColocation
FN:332,(anonymous_10)
FN:384,runRotation
FNF:11
FNH:10
FNDA:13,isPeriodEndingTonight
FNDA:8,getNextPeriod
FNDA:7,getCurrentPeriod
FNDA:15,selectNextAssignee
FNDA:41,(anonymous_5)
FNDA:41,(anonymous_6)
FNDA:6,processColocation
FNDA:4,(anonymous_8)
FNDA:5,regenerateForColocation
FNDA:5,(anonymous_10)
FNDA:0,runRotation
DA:1,1
DA:2,1
DA:4,1
DA:5,1
DA:6,1
DA:7,1
DA:8,1
DA:10,1
DA:19,1
DA:24,13
DA:26,13
DA:28,2
DA:31,5
DA:34,3
DA:36,2
DA:39,2
DA:44,2
DA:45,2
DA:46,2
DA:50,1
DA:58,1
DA:62,8
DA:63,8
DA:64,8
DA:66,8
DA:68,1
DA:69,1
DA:70,1
DA:71,1
DA:76,4
DA:77,4
DA:78,4
DA:79,4
DA:80,4
DA:85,1
DA:86,1
DA:87,1
DA:88,1
DA:89,1
DA:94,1
DA:95,1
DA:96,1
DA:97,1
DA:101,1
DA:106,1
DA:111,7
DA:113,1
DA:114,1
DA:115,1
DA:116,1
DA:117,1
DA:122,2
DA:123,2
DA:124,2
DA:125,2
DA:126,2
DA:127,2
DA:128,2
DA:129,2
DA:130,2
DA:135,2
DA:136,2
DA:137,2
DA:138,2
DA:139,2
DA:141,2
DA:145,2
DA:146,2
DA:147,1
DA:149,2
DA:150,2
DA:151,2
DA:152,2
DA:156,1
DA:157,1
DA:158,1
DA:159,1
DA:163,1
DA:180,1
DA:186,15
DA:187,1
DA:191,14
DA:198,41
DA:199,14
DA:200,3
DA:201,3
DA:205,14
DA:206,41
DA:208,14
DA:209,0
DA:212,0
DA:215,14
DA:217,8
DA:218,8
DA:219,8
DA:229,1
DA:233,6
DA:237,6
DA:239,5
DA:243,5
DA:245,5
DA:247,4
DA:249,4
DA:250,4
DA:251,4
DA:252,3
DA:254,2
DA:257,2
DA:270,2
DA:271,2
DA:278,0
DA:282,0
DA:286,2
DA:301,2
DA:302,1
DA:305,1
DA:309,1
DA:316,1
DA:321,5
DA:322,5
DA:324,4
DA:328,4
DA:332,5
DA:334,4
DA:335,4
DA:337,4
DA:338,3
DA:339,3
DA:342,2
DA:347,2
DA:355,2
DA:362,2
DA:374,2
DA:377,4
DA:384,1
DA:385,0
DA:387,0
DA:391,0
DA:392,0
DA:393,0
DA:396,0
DA:400,0
LF:142
LH:131
BRDA:26,0,0,2
BRDA:26,0,1,5
BRDA:26,0,2,3
BRDA:26,0,3,2
BRDA:26,0,4,1
BRDA:34,1,0,1
BRDA:34,1,1,2
BRDA:66,2,0,1
BRDA:66,2,1,4
BRDA:66,2,2,1
BRDA:66,2,3,1
BRDA:66,2,4,1
BRDA:111,3,0,1
BRDA:111,3,1,2
BRDA:111,3,2,2
BRDA:111,3,3,1
BRDA:111,3,4,1
BRDA:123,4,0,0
BRDA:123,4,1,2
BRDA:136,5,0,0
BRDA:136,5,1,2
BRDA:146,6,0,1
BRDA:146,6,1,1
BRDA:186,7,0,1
BRDA:186,7,1,14
BRDA:200,8,0,3
BRDA:200,8,1,0
BRDA:206,9,0,41
BRDA:206,9,1,0
BRDA:208,10,0,0
BRDA:208,10,1,14
BRDA:215,11,0,6
BRDA:215,11,1,8
BRDA:237,12,0,1
BRDA:237,12,1,5
BRDA:245,13,0,1
BRDA:245,13,1,4
BRDA:251,14,0,1
BRDA:251,14,1,3
BRDA:252,15,0,1
BRDA:252,15,1,2
BRDA:295,16,0,2
BRDA:295,16,1,0
BRDA:296,17,0,2
BRDA:296,17,1,0
BRDA:301,18,0,1
BRDA:301,18,1,1
BRDA:319,19,0,0
BRDA:322,20,0,1
BRDA:322,20,1,4
BRDA:339,21,0,1
BRDA:339,21,1,2
BRDA:342,22,0,1
BRDA:342,22,1,1
BRDA:370,23,0,2
BRDA:370,23,1,0
BRDA:384,24,0,0
BRF:57
BRH:47
end_of_record
TN:
SF:src/services/schedulerService.ts
FN:4,startScheduler
FN:8,(anonymous_2)
FNF:2
FNH:0
FNDA:0,startScheduler
FNDA:0,(anonymous_2)
DA:1,0
DA:2,0
DA:4,0
DA:6,0
DA:9,0
DA:10,0
DA:12,0
DA:18,0
LF:8
LH:0
BRF:0
BRH:0
end_of_record
TN:
SF:src/services/userService.ts
FN:4,(anonymous_1)
FN:26,(anonymous_2)
FN:38,(anonymous_3)
FN:52,(anonymous_4)
FNF:4
FNH:4
FNDA:3,(anonymous_1)
FNDA:2,(anonymous_2)
FNDA:3,(anonymous_3)
FNDA:3,(anonymous_4)
DA:1,1
DA:3,1
DA:5,3
DA:9,3
DA:10,1
DA:11,1
DA:12,1
DA:15,2
DA:22,2
DA:23,2
DA:27,2
DA:30,2
DA:31,1
DA:32,1
DA:33,1
DA:35,1
DA:39,3
DA:40,3
DA:41,1
DA:42,1
DA:43,1
DA:45,2
DA:46,2
DA:47,2
DA:48,2
DA:49,2
DA:53,3
DA:54,3
DA:55,1
DA:56,1
DA:57,1
DA:59,2
DA:60,2
DA:61,1
DA:62,1
DA:63,1
DA:65,1
LF:37
LH:37
BRDA:9,0,0,1
BRDA:9,0,1,2
BRDA:19,1,0,2
BRDA:19,1,1,2
BRDA:30,2,0,1
BRDA:30,2,1,1
BRDA:40,3,0,1
BRDA:40,3,1,2
BRDA:45,4,0,1
BRDA:45,4,1,1
BRDA:46,5,0,2
BRDA:46,5,1,0
BRDA:54,6,0,1
BRDA:54,6,1,2
BRDA:60,7,0,1
BRDA:60,7,1,1
BRF:16
BRH:15
end_of_record
